<?xml version="1.0" encoding="UTF-8"?>
<!-- Generated by org.testng.reporters.JUnitXMLReporter -->
<testsuite ignored="4" hostname="CodeOne" failures="1" tests="3" name="RegressionTest" time="63.798" errors="0" timestamp="2022-05-22T23:33:02 EDT">
  <testcase classname="com.amfam.test.auto.AutoTestRobust" name="hondaTest" time="38.788">
    <failure type="java.lang.AssertionError" message="null">
      <![CDATA[java.lang.AssertionError: null
at common.CommonActions.selectByValue(CommonActions.java:78)
at pages.PolicyHolderDetailsPage.pickState(PolicyHolderDetailsPage.java:54)
at pages.PolicyHolderDetailsPage.policyHolderDetailsPageSteps(PolicyHolderDetailsPage.java:76)
at com.amfam.test.auto.AutoTestRobust.hondaTest(AutoTestRobust.java:39)
at java.base/java.util.ArrayList.forEach(ArrayList.java:1511)
... Removed 29 stack frames]]>
    </failure>
  </testcase> <!-- hondaTest -->
  <testcase classname="com.amfam.test.home.HomeTestRobust" name="homeTest1" time="0.002"/>
  <testcase classname="com.amfam.test.home.HomeTestRobust" name="homeTest2" time="0.001"/>
  <testcase classname="com.amfam.test.auto.AutoTestRobust" name="toyotaTestWithoutParam" time="0.0">
    <ignored/>
  </testcase> <!-- toyotaTestWithoutParam -->
  <testcase classname="com.amfam.test.auto.AutoTestRobust" name="toyotaTest" time="0.0">
    <ignored/>
  </testcase> <!-- toyotaTest -->
  <testcase classname="com.amfam.test.auto.AutoTestRobust" name="dependsOnMethod" time="0.0">
    <ignored/>
  </testcase> <!-- dependsOnMethod -->
  <testcase classname="com.amfam.test.auto.AutoTestRobust" name="dependsOnGroups" time="0.0">
    <ignored/>
  </testcase> <!-- dependsOnGroups -->
</testsuite> <!-- RegressionTest -->
