<html>
<head>
<title>TestNG:  RegressionTest</title>
<link href="../testng.css" rel="stylesheet" type="text/css" />
<link href="../my-testng.css" rel="stylesheet" type="text/css" />

<style type="text/css">
.log { display: none;} 
.stack-trace { display: none;} 
</style>
<script type="text/javascript">
<!--
function flip(e) {
  current = e.style.display;
  if (current == 'block') {
    e.style.display = 'none';
    return 0;
  }
  else {
    e.style.display = 'block';
    return 1;
  }
}

function toggleBox(szDivId, elem, msg1, msg2)
{
  var res = -1;  if (document.getElementById) {
    res = flip(document.getElementById(szDivId));
  }
  else if (document.all) {
    // this is the way old msie versions work
    res = flip(document.all[szDivId]);
  }
  if(elem) {
    if(res == 0) elem.innerHTML = msg1; else elem.innerHTML = msg2;
  }

}

function toggleAllBoxes() {
  if (document.getElementsByTagName) {
    d = document.getElementsByTagName('div');
    for (i = 0; i < d.length; i++) {
      if (d[i].className == 'log') {
        flip(d[i]);
      }
    }
  }
}

// -->
</script>

</head>
<body>
<h2 align='center'>RegressionTest</h2><table border='1' align="center">
<tr>
<td>Tests passed/Failed/Skipped:</td><td>2/1/0</td>
</tr><tr>
<td>Started on:</td><td>Sun May 22 23:31:58 EDT 2022</td>
</tr>
<tr><td>Total time:</td><td>63 seconds (63798 ms)</td>
</tr><tr>
<td>Included groups:</td><td></td>
</tr><tr>
<td>Excluded groups:</td><td>toyota home </td>
</tr>
</table><p/>
<small><i>(Hover the method name to see the test class name)</i></small><p/>
<table width='100%' border='1' class='invocation-failed'>
<tr><td colspan='4' align='center'><b>FAILED TESTS</b></td></tr>
<tr><td><b>Test method</b></td>
<td width="30%"><b>Exception</b></td>
<td width="10%"><b>Time (seconds)</b></td>
<td><b>Instance</b></td>
</tr>
<tr>
<td title='com.amfam.test.auto.AutoTestRobust.hondaTest()'><b>hondaTest</b><br>Test class: com.amfam.test.auto.AutoTestRobust<br/>
<a href="#Output-1859724001" onClick='toggleBox("Output-1859724001", this, "Show output", "Hide output");'>Show output</a>

<a href="#Output-1859724001" onClick="toggleAllBoxes();">Show all outputs</a>
<div class='log' id="Output-1859724001">
Element is clicking : [[FirefoxDriver: firefox on WINDOWS (8d0efc69-9e6e-46ae-9cc2-b3d8a9f8d3a9)] -> xpath: //button[@class='LeadRouting__select a'][1]]<br><br/>
07457 : value passed to element : [[FirefoxDriver: firefox on WINDOWS (8d0efc69-9e6e-46ae-9cc2-b3d8a9f8d3a9)] -> id: uid_54]<br><br/>
Element is clicking : Proxy element for: DefaultElementLocator 'By.xpath: (//span[@class='LoadingButton__content'])[1]'<br><br/>
Element is clicking : Proxy element for: DefaultElementLocator 'By.xpath: //span[text()='Get a Quote']'<br><br/>
07457 : value passed to element : [[FirefoxDriver: firefox on WINDOWS (8d0efc69-9e6e-46ae-9cc2-b3d8a9f8d3a9)] -> id: uid_34]<br><br/>
A : value has been selected from the element : [[FirefoxDriver: firefox on WINDOWS (8d0efc69-9e6e-46ae-9cc2-b3d8a9f8d3a9)] -> id: uid_37]<br><br/>
Element is clicking : [[FirefoxDriver: firefox on WINDOWS (8d0efc69-9e6e-46ae-9cc2-b3d8a9f8d3a9)] -> xpath: (//button[@type='submit'])[1]]<br><br/>
Pippen : value passed to element : [[FirefoxDriver: firefox on WINDOWS (8d0efc69-9e6e-46ae-9cc2-b3d8a9f8d3a9)] -> id: F_PH_FirstName_0]<br><br/>
Z : value passed to element : [[FirefoxDriver: firefox on WINDOWS (8d0efc69-9e6e-46ae-9cc2-b3d8a9f8d3a9)] -> id: F_PH_MiddleInitial_0]<br><br/>
Jordan : value passed to element : [[FirefoxDriver: firefox on WINDOWS (8d0efc69-9e6e-46ae-9cc2-b3d8a9f8d3a9)] -> id: F_PH_LastName_0]<br><br/>
01231982 : value passed to element : [[FirefoxDriver: firefox on WINDOWS (8d0efc69-9e6e-46ae-9cc2-b3d8a9f8d3a9)] -> id: F_PH_DOB_0]<br><br/>
youcanemail@gmail.com : value passed to element : [[FirefoxDriver: firefox on WINDOWS (8d0efc69-9e6e-46ae-9cc2-b3d8a9f8d3a9)] -> id: F_PH_email_0]<br><br/>
Riverdale : value passed to element : [[FirefoxDriver: firefox on WINDOWS (8d0efc69-9e6e-46ae-9cc2-b3d8a9f8d3a9)] -> id: F_city_0]<br><br/>
1 S Corporate Dr : value passed to element : [[FirefoxDriver: firefox on WINDOWS (8d0efc69-9e6e-46ae-9cc2-b3d8a9f8d3a9)] -> id: F_street_0]<br><br/>
Locator doesn't match for : [[FirefoxDriver: firefox on WINDOWS (8d0efc69-9e6e-46ae-9cc2-b3d8a9f8d3a9)] -> id: F_state_0]
Element <select id="F_state_0" class="quoteDropdown" name="F_state"> is not clickable at point (794,904) because another element <div id="_evidon-message" class="evidon-banner-message"> obscures it
Build info: version: '4.1.1', revision: 'e8fcc2cecf'
System info: host: 'CODEONE', ip: '192.168.1.174', os.name: 'Windows 10', os.arch: 'amd64', os.version: '10.0', java.version: '17.0.1'
Driver info: org.openqa.selenium.firefox.FirefoxDriver
Command: [8d0efc69-9e6e-46ae-9cc2-b3d8a9f8d3a9, clickElement {id=d45e67e5-f5ea-4726-b094-92a530325284}]
Capabilities {acceptInsecureCerts: true, browserName: firefox, browserVersion: 100.0.2, javascriptEnabled: true, moz:accessibilityChecks: false, moz:buildID: 20220519220738, moz:debuggerAddress: localhost:64200, moz:geckodriverVersion: 0.31.0, moz:headless: false, moz:processID: 23160, moz:profile: C:\Users\rubal\AppData\Loca..., moz:shutdownTimeout: 60000, moz:useNonSpecCompliantPointerOrigin: false, moz:webdriverClick: true, pageLoadStrategy: normal, platform: WINDOWS, platformName: WINDOWS, platformVersion: 10.0, proxy: Proxy(), se:cdp: ws://localhost:64200/devtoo..., se:cdpVersion: 85, setWindowRect: true, strictFileInteractability: false, timeouts: {implicit: 0, pageLoad: 300000, script: 30000}, unhandledPromptBehavior: dismiss and notify}
Element: [[[[FirefoxDriver: firefox on WINDOWS (8d0efc69-9e6e-46ae-9cc2-b3d8a9f8d3a9)] -> id: F_state_0]] -> xpath: .//option[@value = "NJ"]]
Session ID: 8d0efc69-9e6e-46ae-9cc2-b3d8a9f8d3a9<br><br/>
</div>
</td>
<td><div><pre>java.lang.AssertionError: null
	at common.CommonActions.selectByValue(CommonActions.java:78)
	at pages.PolicyHolderDetailsPage.pickState(PolicyHolderDetailsPage.java:54)
	at pages.PolicyHolderDetailsPage.policyHolderDetailsPageSteps(PolicyHolderDetailsPage.java:76)
	at com.amfam.test.auto.AutoTestRobust.hondaTest(AutoTestRobust.java:39)
	at java.base/java.util.ArrayList.forEach(ArrayList.java:1511)
... Removed 29 stack frames</pre></div><a href='#' onClick='toggleBox("stack-trace1859724001", this, "Click to show all stack frames", "Click to hide stack frames")'>Click to show all stack frames</a>
<div class='stack-trace' id='stack-trace1859724001'><pre>java.lang.AssertionError: null
	at org.testng.Assert.fail(Assert.java:99)
	at org.testng.Assert.fail(Assert.java:106)
	at common.CommonActions.selectByValue(CommonActions.java:78)
	at pages.PolicyHolderDetailsPage.pickState(PolicyHolderDetailsPage.java:54)
	at pages.PolicyHolderDetailsPage.policyHolderDetailsPageSteps(PolicyHolderDetailsPage.java:76)
	at com.amfam.test.auto.AutoTestRobust.hondaTest(AutoTestRobust.java:39)
	at java.base/jdk.internal.reflect.NativeMethodAccessorImpl.invoke0(Native Method)
	at java.base/jdk.internal.reflect.NativeMethodAccessorImpl.invoke(NativeMethodAccessorImpl.java:77)
	at java.base/jdk.internal.reflect.DelegatingMethodAccessorImpl.invoke(DelegatingMethodAccessorImpl.java:43)
	at java.base/java.lang.reflect.Method.invoke(Method.java:568)
	at org.testng.internal.MethodInvocationHelper.invokeMethod(MethodInvocationHelper.java:133)
	at org.testng.internal.TestInvoker.invokeMethod(TestInvoker.java:598)
	at org.testng.internal.TestInvoker.invokeTestMethod(TestInvoker.java:173)
	at org.testng.internal.MethodRunner.runInSequence(MethodRunner.java:46)
	at org.testng.internal.TestInvoker$MethodInvocationAgent.invoke(TestInvoker.java:824)
	at org.testng.internal.TestInvoker.invokeTestMethods(TestInvoker.java:146)
	at org.testng.internal.TestMethodWorker.invokeTestMethods(TestMethodWorker.java:146)
	at org.testng.internal.TestMethodWorker.run(TestMethodWorker.java:128)
	at java.base/java.util.ArrayList.forEach(ArrayList.java:1511)
	at org.testng.TestRunner.privateRun(TestRunner.java:794)
	at org.testng.TestRunner.run(TestRunner.java:596)
	at org.testng.SuiteRunner.runTest(SuiteRunner.java:377)
	at org.testng.SuiteRunner.runSequentially(SuiteRunner.java:371)
	at org.testng.SuiteRunner.privateRun(SuiteRunner.java:332)
	at org.testng.SuiteRunner.run(SuiteRunner.java:276)
	at org.testng.SuiteRunnerWorker.runSuite(SuiteRunnerWorker.java:53)
	at org.testng.SuiteRunnerWorker.run(SuiteRunnerWorker.java:96)
	at org.testng.TestNG.runSuitesSequentially(TestNG.java:1212)
	at org.testng.TestNG.runSuitesLocally(TestNG.java:1134)
	at org.testng.TestNG.runSuites(TestNG.java:1063)
	at org.testng.TestNG.run(TestNG.java:1031)
	at org.testng.remote.AbstractRemoteTestNG.run(AbstractRemoteTestNG.java:115)
	at org.testng.remote.RemoteTestNG.initAndRun(RemoteTestNG.java:251)
	at org.testng.remote.RemoteTestNG.main(RemoteTestNG.java:77)
</pre></div></td>
<td>38</td>
<td>com.amfam.test.auto.AutoTestRobust@1af2d44a</td></tr>
</table><p>
<table width='100%' border='1' class='invocation-passed'>
<tr><td colspan='4' align='center'><b>PASSED TESTS</b></td></tr>
<tr><td><b>Test method</b></td>
<td width="30%"><b>Exception</b></td>
<td width="10%"><b>Time (seconds)</b></td>
<td><b>Instance</b></td>
</tr>
<tr>
<td title='com.amfam.test.home.HomeTestRobust.homeTest1()'><b>homeTest1</b><br>Test class: com.amfam.test.home.HomeTestRobust</td>
<td></td>
<td>0</td>
<td>com.amfam.test.home.HomeTestRobust@4310d43</td></tr>
<tr>
<td title='com.amfam.test.home.HomeTestRobust.homeTest2()'><b>homeTest2</b><br>Test class: com.amfam.test.home.HomeTestRobust</td>
<td></td>
<td>0</td>
<td>com.amfam.test.home.HomeTestRobust@4310d43</td></tr>
</table><p>
</body>
</html>