<?xml version="1.0" encoding="UTF-8"?>
<!-- Generated by org.testng.reporters.JUnitXMLReporter -->
<testsuite ignored="5" hostname="CodeOne" failures="0" tests="3" name="TestChrome" time="0.769" errors="0" timestamp="2022-05-23T19:04:34 EDT">
  <testcase classname="base.BaseClass" name="@BeforeMethod setUp" time="0.727">
    <failure type="java.lang.NullPointerException" message="Cannot invoke &amp;quot;org.openqa.selenium.WebDriver.get(String)&amp;quot; because &amp;quot;base.BaseClass.driver&amp;quot; is null">
      <![CDATA[java.lang.NullPointerException: Cannot invoke "org.openqa.selenium.WebDriver.get(String)" because "base.BaseClass.driver" is null
at base.BaseClass.setUp(BaseClass.java:65)
at java.base/java.util.ArrayList.forEach(ArrayList.java:1511)
... Removed 31 stack frames]]>
    </failure>
  </testcase> <!-- @BeforeMethod setUp -->
  <testcase classname="base.BaseClass" name="@AfterMethod cleaningUp" time="-1.653347073994E9">
    <skipped/>
  </testcase> <!-- @AfterMethod cleaningUp -->
  <testcase classname="com.amfam.test.home.HomeTestRobust" name="homeTest1" time="0.005"/>
  <testcase classname="com.amfam.test.home.HomeTestRobust" name="homeTest2" time="0.001"/>
  <testcase classname="com.amfam.test.auto.AutoTestDataProviderClass" name="hondaTestWithDataProviderClass" time="0.0">
    <skipped/>
  </testcase> <!-- hondaTestWithDataProviderClass -->
  <testcase classname="com.amfam.test.auto.AutoTestRobust" name="toyotaTestWithoutParam" time="0.0">
    <ignored/>
  </testcase> <!-- toyotaTestWithoutParam -->
  <testcase classname="com.amfam.test.auto.AutoTestRobust" name="toyotaTest" time="0.0">
    <ignored/>
  </testcase> <!-- toyotaTest -->
  <testcase classname="com.amfam.test.auto.AutoTestRobust" name="dependsOnMethod" time="0.0">
    <ignored/>
  </testcase> <!-- dependsOnMethod -->
  <testcase classname="com.amfam.test.auto.AutoTestRobust" name="hondaTest" time="0.0">
    <ignored/>
  </testcase> <!-- hondaTest -->
  <testcase classname="com.amfam.test.auto.AutoTestRobust" name="dependsOnGroups" time="0.0">
    <ignored/>
  </testcase> <!-- dependsOnGroups -->
</testsuite> <!-- TestChrome -->
