<?xml version="1.0" encoding="UTF-8"?>
<!-- Generated by org.testng.reporters.JUnitXMLReporter -->
<testsuite ignored="2" hostname="CodeOne" failures="1" tests="3" name="RegressionTest" time="0.419" errors="0" timestamp="2022-06-03T21:08:36 EDT">
  <testcase classname="base.BaseClass" name="@BeforeMethod setUp" time="-1.65430491631E9">
    <failure type="org.testng.TestNGException" message="
Parameter &amp;apos;browser&amp;apos; is required by BeforeMethod on method setUp but has not been marked @Optional or defined
in C:\Users\rubal\eclipse-workspace\com.amfam.com\RegressionSuite.xml">
      <![CDATA[org.testng.TestNGException: 
Parameter 'browser' is required by BeforeMethod on method setUp but has not been marked @Optional or defined
in C:\Users\rubal\eclipse-workspace\com.amfam.com\RegressionSuite.xml
at java.base/java.util.ArrayList.forEach(ArrayList.java:1511)
... Removed 28 stack frames]]>
    </failure>
  </testcase> <!-- @BeforeMethod setUp -->
  <testcase classname="base.BaseClass" name="@BeforeMethod startReport" time="-1.654304916319E9">
    <skipped/>
  </testcase> <!-- @BeforeMethod startReport -->
  <testcase classname="base.BaseClass" name="@AfterMethod afterEachTestMethod" time="-1.65430491633E9">
    <skipped/>
  </testcase> <!-- @AfterMethod afterEachTestMethod -->
  <testcase classname="base.BaseClass" name="@AfterMethod cleaningUp" time="-1.654304916333E9">
    <skipped/>
  </testcase> <!-- @AfterMethod cleaningUp -->
  <testcase classname="base.BaseClass" name="@BeforeMethod setUp" time="-1.654304916339E9">
    <skipped/>
  </testcase> <!-- @BeforeMethod setUp -->
  <testcase classname="base.BaseClass" name="@BeforeMethod startReport" time="-1.65430491634E9">
    <skipped/>
  </testcase> <!-- @BeforeMethod startReport -->
  <testcase classname="base.BaseClass" name="@AfterMethod afterEachTestMethod" time="-1.654304916394E9">
    <skipped/>
  </testcase> <!-- @AfterMethod afterEachTestMethod -->
  <testcase classname="base.BaseClass" name="@AfterMethod cleaningUp" time="-1.654304916397E9">
    <skipped/>
  </testcase> <!-- @AfterMethod cleaningUp -->
  <testcase classname="com.amfam.test.auto.AutoTestRobust" name="toyotaTest" time="0.0">
    <failure type="org.testng.TestNGException" message="
Parameter &amp;apos;zipvalue&amp;apos; is required by @Test on method toyotaTest but has not been marked @Optional or defined
in C:\Users\rubal\eclipse-workspace\com.amfam.com\RegressionSuite.xml">
      <![CDATA[org.testng.TestNGException: 
Parameter 'zipvalue' is required by @Test on method toyotaTest but has not been marked @Optional or defined
in C:\Users\rubal\eclipse-workspace\com.amfam.com\RegressionSuite.xml
at java.base/java.util.ArrayList.forEach(ArrayList.java:1511)
... Removed 26 stack frames]]>
    </failure>
  </testcase> <!-- toyotaTest -->
  <testcase classname="com.amfam.test.auto.AutoTestRobust" name="toyotaTestWithoutParam" time="0.0">
    <skipped/>
  </testcase> <!-- toyotaTestWithoutParam -->
  <testcase classname="com.amfam.test.auto.AutoTestRobust" name="hondaTest" time="0.0">
    <skipped/>
  </testcase> <!-- hondaTest -->
  <testcase classname="com.amfam.test.auto.AutoTestRobust" name="dependsOnMethod" time="0.0">
    <ignored/>
  </testcase> <!-- dependsOnMethod -->
  <testcase classname="com.amfam.test.auto.AutoTestRobust" name="dependsOnGroups" time="0.0">
    <ignored/>
  </testcase> <!-- dependsOnGroups -->
</testsuite> <!-- RegressionTest -->
