<!DOCTYPE html PUBLIC "-//W3C//DTD XHTML 1.1//EN" "https://www.w3.org/TR/xhtml11/DTD/xhtml11.dtd">
<html xmlns="https://www.w3.org/1999/xhtml">
<head>
<meta http-equiv="content-type" content="text/html; charset=UTF-8"/>
<title>TestNG Report</title>
<style type="text/css">table {margin-bottom:10px;border-collapse:collapse;empty-cells:show}th,td {border:1px solid #009;padding:.25em .5em}th {vertical-align:bottom}td {vertical-align:top}table a {font-weight:bold}.stripe td {background-color: #E6EBF9}.num {text-align:right}.passedodd td {background-color: #3F3}.passedeven td {background-color: #0A0}.skippedodd td {background-color: #DDD}.skippedeven td {background-color: #CCC}.failedodd td,.attn {background-color: #F33}.failedeven td,.stripe .attn {background-color: #D00}.stacktrace {white-space:pre;font-family:monospace}.totop {font-size:85%;text-align:center;border-bottom:2px solid #000}.invisible {display:none}</style>
</head>
<body>
<table>
<tr><th>Test</th><th># Passed</th><th># Skipped</th><th># Retried</th><th># Failed</th><th>Time (ms)</th><th>Included Groups</th><th>Excluded Groups</th></tr>
<tr><th colspan="8">Suite</th></tr>
<tr><td><a href="#t0">Test</a></td><td class="num">0</td><td class="num attn">1</td><td class="num">0</td><td class="num attn">2</td><td class="num">64,523</td><td></td><td></td></tr>
</table>
<table id='summary'><thead><tr><th>Class</th><th>Method</th><th>Start</th><th>Time (ms)</th></tr></thead><tbody><tr><th colspan="4">Suite</th></tr></tbody><tbody id="t0"><tr><th colspan="4">Test &#8212; failed (configuration methods)</th></tr><tr class="failedeven"><td rowspan="1">practice.TestRobustPractice</td><td><a href="#m0">afterEachTestMethod</a></td><td rowspan="1">1654443008622</td><td rowspan="1">31</td></tr><tr><th colspan="4">Test &#8212; failed</th></tr><tr class="failedeven"><td rowspan="2">practice.TestRobustPractice</td><td><a href="#m1">toyotaTest</a></td><td rowspan="1">1654442944190</td><td rowspan="1">0</td></tr><tr class="failedeven"><td><a href="#m2">toyotaTestWithoutParam</a></td><td rowspan="1">1654442950362</td><td rowspan="1">58246</td></tr><tr><th colspan="4">Test &#8212; skipped (configuration methods)</th></tr><tr class="skippedeven"><td rowspan="5">practice.TestRobustPractice</td><td><a href="#m3">afterEachTestMethod</a></td><td rowspan="1">1654443008691</td><td rowspan="1">-1654443008691</td></tr><tr class="skippedeven"><td><a href="#m4">cleaningUp</a></td><td rowspan="2">1654443008692</td><td rowspan="2">-1654443008692</td></tr><tr class="skippedeven"><td><a href="#m5">cleaningUp</a></td></tr><tr class="skippedeven"><td><a href="#m6">setUp</a></td><td rowspan="1">1654443008669</td><td rowspan="1">-1654443008669</td></tr><tr class="skippedeven"><td><a href="#m7">startReport</a></td><td rowspan="1">1654443008674</td><td rowspan="1">-1654443008674</td></tr><tr><th colspan="4">Test &#8212; skipped</th></tr><tr class="skippedeven"><td rowspan="1">practice.TestRobustPractice</td><td><a href="#m8">hondaTest</a></td><td rowspan="1">1654443008681</td><td rowspan="1">0</td></tr></tbody>
</table>
<h2>Test</h2><h3 id="m0">practice.TestRobustPractice#afterEachTestMethod</h3><table class="result"><tr class="param"><th>Parameter #1</th></tr><tr class="param stripe"><td>[TestResult name=toyotaTestWithoutParam status=FAILURE method=TestRobustPractice.toyotaTestWithoutParam()[pri:0, instance:practice.TestRobustPractice@d9345cd] output=[[ChromeDriver: chrome on WINDOWS (2a43d2abf1be7dd9d2c4884643299af6)] -&gt; xpath: //h1[text()=&apos;Get a Customized Insurance Quote&apos;]] has text : GET A CUSTOMIZED INSURANCE QUOTE&lt;br&gt;]</td></tr><tr><th>Exception</th></tr><tr><td><div class="stacktrace">org.openqa.selenium.NoSuchWindowException: no such window: target window already closed
from unknown error: web view not found
  (Session info: chrome=102.0.5005.63)
Build info: version: &apos;4.1.1&apos;, revision: &apos;e8fcc2cecf&apos;
System info: host: &apos;CODEONE&apos;, ip: &apos;192.168.1.174&apos;, os.name: &apos;Windows 10&apos;, os.arch: &apos;amd64&apos;, os.version: &apos;10.0&apos;, java.version: &apos;17.0.1&apos;
Driver info: org.openqa.selenium.chrome.ChromeDriver
Command: [2a43d2abf1be7dd9d2c4884643299af6, screenshot {}]
Capabilities {acceptInsecureCerts: false, browserName: chrome, browserVersion: 102.0.5005.63, chrome: {chromedriverVersion: 102.0.5005.61 (0e59bcc00cc4..., userDataDir: C:\Users\rubal\AppData\Loca...}, goog:chromeOptions: {debuggerAddress: localhost:53495}, javascriptEnabled: true, networkConnectionEnabled: false, pageLoadStrategy: normal, platform: WINDOWS, platformName: WINDOWS, proxy: Proxy(), se:cdp: ws://localhost:53495/devtoo..., se:cdpVersion: 102.0.5005.63, setWindowRect: true, strictFileInteractability: false, timeouts: {implicit: 0, pageLoad: 300000, script: 30000}, unhandledPromptBehavior: dismiss and notify, webauthn:extension:credBlob: true, webauthn:extension:largeBlob: true, webauthn:virtualAuthenticators: true}
Session ID: 2a43d2abf1be7dd9d2c4884643299af6
	at org.openqa.selenium.remote.codec.w3c.W3CHttpResponseCodec.createException(W3CHttpResponseCodec.java:200)
	at org.openqa.selenium.remote.codec.w3c.W3CHttpResponseCodec.decode(W3CHttpResponseCodec.java:133)
	at org.openqa.selenium.remote.codec.w3c.W3CHttpResponseCodec.decode(W3CHttpResponseCodec.java:53)
	at org.openqa.selenium.remote.HttpCommandExecutor.execute(HttpCommandExecutor.java:184)
	at org.openqa.selenium.remote.service.DriverCommandExecutor.invokeExecute(DriverCommandExecutor.java:167)
	at org.openqa.selenium.remote.service.DriverCommandExecutor.execute(DriverCommandExecutor.java:142)
	at org.openqa.selenium.remote.RemoteWebDriver.execute(RemoteWebDriver.java:543)
	at org.openqa.selenium.remote.RemoteWebDriver.execute(RemoteWebDriver.java:598)
	at org.openqa.selenium.remote.RemoteWebDriver.execute(RemoteWebDriver.java:602)
	at org.openqa.selenium.remote.RemoteWebDriver.getScreenshotAs(RemoteWebDriver.java:333)
	at common.CommonActions.getScreenShot(CommonActions.java:226)
	at base.BaseClass.afterEachTestMethod(BaseClass.java:103)
	at java.base/java.util.ArrayList.forEach(ArrayList.java:1511)
... Removed 37 stack frames</div></td></tr></table><p class="totop"><a href="#summary">back to summary</a></p>
<h3 id="m1">practice.TestRobustPractice#toyotaTest</h3><table class="result"><tr><th>Exception</th></tr><tr><td><div class="stacktrace">org.testng.TestNGException: 
Parameter &apos;zipvalue&apos; is required by @Test on method toyotaTest but has not been marked @Optional or defined
in C:\Users\rubal\eclipse-workspace\com.amfam.TDD\PracticeRunner.xml
	at java.base/java.util.ArrayList.forEach(ArrayList.java:1511)
... Removed 26 stack frames</div></td></tr></table><p class="totop"><a href="#summary">back to summary</a></p>
<h3 id="m2">practice.TestRobustPractice#toyotaTestWithoutParam</h3><table class="result"><tr><th>Messages</th></tr><tr><td><div class="messages">[[ChromeDriver: chrome on WINDOWS (2a43d2abf1be7dd9d2c4884643299af6)] -> xpath: //h1[text()='Get a Customized Insurance Quote']] has text : GET A CUSTOMIZED INSURANCE QUOTE<br><br/>Actual : GET A CUSTOMIZED INSURANCE QUOTE<<<>>>Expeted : GET A CUSTOMIZED INSURANCE QUOTE<br><br/>Element is clicking : [[ChromeDriver: chrome on WINDOWS (2a43d2abf1be7dd9d2c4884643299af6)] -> xpath: //button[@class='LeadRouting__select a'][1]]<br><br><br/>07457 : value passed to element : [[ChromeDriver: chrome on WINDOWS (2a43d2abf1be7dd9d2c4884643299af6)] -> id: uid_54]<br><br><br/>Element is clicking : Proxy element for: DefaultElementLocator 'By.xpath: (//span[@class='LoadingButton__content'])[1]'<br><br><br/>Element is clicking : Proxy element for: DefaultElementLocator 'By.xpath: //span[text()='Get a Quote']'<br><br><br/>07457 : value passed to element : [[ChromeDriver: chrome on WINDOWS (2a43d2abf1be7dd9d2c4884643299af6)] -> id: uid_34]<br><br><br/>A : value has been selected from the element : [[ChromeDriver: chrome on WINDOWS (2a43d2abf1be7dd9d2c4884643299af6)] -> id: uid_37]<br><br><br/>Element is clicking : [[ChromeDriver: chrome on WINDOWS (2a43d2abf1be7dd9d2c4884643299af6)] -> xpath: (//button[@type='submit'])[1]]<br><br><br/>Pippen : value passed to element : [[ChromeDriver: chrome on WINDOWS (2a43d2abf1be7dd9d2c4884643299af6)] -> id: F_PH_FirstName_0]<br><br><br/>Z : value passed to element : [[ChromeDriver: chrome on WINDOWS (2a43d2abf1be7dd9d2c4884643299af6)] -> id: F_PH_MiddleInitial_0]<br><br><br/>Jordan : value passed to element : [[ChromeDriver: chrome on WINDOWS (2a43d2abf1be7dd9d2c4884643299af6)] -> id: F_PH_LastName_0]<br><br><br/>01231982 : value passed to element : [[ChromeDriver: chrome on WINDOWS (2a43d2abf1be7dd9d2c4884643299af6)] -> id: F_PH_DOB_0]<br><br><br/>youcanemail@gmail.com : value passed to element : [[ChromeDriver: chrome on WINDOWS (2a43d2abf1be7dd9d2c4884643299af6)] -> id: F_PH_email_0]<br><br><br/>Riverdale : value passed to element : [[ChromeDriver: chrome on WINDOWS (2a43d2abf1be7dd9d2c4884643299af6)] -> id: F_city_0]<br><br><br/>1 S Corporate Dr : value passed to element : [[ChromeDriver: chrome on WINDOWS (2a43d2abf1be7dd9d2c4884643299af6)] -> id: F_street_0]<br><br><br/>NJ : value has been selected from the element : [[ChromeDriver: chrome on WINDOWS (2a43d2abf1be7dd9d2c4884643299af6)] -> id: F_state_0]<br><br><br/>07457 : value passed to element : [[ChromeDriver: chrome on WINDOWS (2a43d2abf1be7dd9d2c4884643299af6)] -> id: F_zipCode_0]<br><br><br/>2003 : value passed to element : [[ChromeDriver: chrome on WINDOWS (2a43d2abf1be7dd9d2c4884643299af6)] -> id: F_livingYear_0]<br><br><br/>Element is clicking : [[ChromeDriver: chrome on WINDOWS (2a43d2abf1be7dd9d2c4884643299af6)] -> xpath: //span[text()='Continue ']]<br><br><br/>2021 : value passed to element : [[ChromeDriver: chrome on WINDOWS (2a43d2abf1be7dd9d2c4884643299af6)] -> id: F_year_0]<br><br><br/>BMW : value has been selected from the element : [[ChromeDriver: chrome on WINDOWS (2a43d2abf1be7dd9d2c4884643299af6)] -> id: F_make_0]<br><br></div></td></tr><tr><th>Exception</th></tr><tr><td><div class="stacktrace">org.openqa.selenium.NoSuchWindowException: no such window: target window already closed
from unknown error: web view not found
  (Session info: chrome=102.0.5005.63)
Build info: version: &apos;4.1.1&apos;, revision: &apos;e8fcc2cecf&apos;
System info: host: &apos;CODEONE&apos;, ip: &apos;192.168.1.174&apos;, os.name: &apos;Windows 10&apos;, os.arch: &apos;amd64&apos;, os.version: &apos;10.0&apos;, java.version: &apos;17.0.1&apos;
Driver info: org.openqa.selenium.chrome.ChromeDriver
Command: [2a43d2abf1be7dd9d2c4884643299af6, findElement {using=id, value=F_model_0}]
Capabilities {acceptInsecureCerts: false, browserName: chrome, browserVersion: 102.0.5005.63, chrome: {chromedriverVersion: 102.0.5005.61 (0e59bcc00cc4..., userDataDir: C:\Users\rubal\AppData\Loca...}, goog:chromeOptions: {debuggerAddress: localhost:53495}, javascriptEnabled: true, networkConnectionEnabled: false, pageLoadStrategy: normal, platform: WINDOWS, platformName: WINDOWS, proxy: Proxy(), se:cdp: ws://localhost:53495/devtoo..., se:cdpVersion: 102.0.5005.63, setWindowRect: true, strictFileInteractability: false, timeouts: {implicit: 0, pageLoad: 300000, script: 30000}, unhandledPromptBehavior: dismiss and notify, webauthn:extension:credBlob: true, webauthn:extension:largeBlob: true, webauthn:virtualAuthenticators: true}
Session ID: 2a43d2abf1be7dd9d2c4884643299af6
	at org.openqa.selenium.remote.codec.w3c.W3CHttpResponseCodec.createException(W3CHttpResponseCodec.java:200)
	at org.openqa.selenium.remote.codec.w3c.W3CHttpResponseCodec.decode(W3CHttpResponseCodec.java:133)
	at org.openqa.selenium.remote.codec.w3c.W3CHttpResponseCodec.decode(W3CHttpResponseCodec.java:53)
	at org.openqa.selenium.remote.HttpCommandExecutor.execute(HttpCommandExecutor.java:184)
	at org.openqa.selenium.remote.service.DriverCommandExecutor.invokeExecute(DriverCommandExecutor.java:167)
	at org.openqa.selenium.remote.service.DriverCommandExecutor.execute(DriverCommandExecutor.java:142)
	at org.openqa.selenium.remote.RemoteWebDriver.execute(RemoteWebDriver.java:543)
	at org.openqa.selenium.remote.ElementLocation$ElementFinder$2.findElement(ElementLocation.java:162)
	at org.openqa.selenium.remote.ElementLocation.findElement(ElementLocation.java:60)
	at org.openqa.selenium.remote.RemoteWebDriver.findElement(RemoteWebDriver.java:367)
	at org.openqa.selenium.remote.RemoteWebDriver.findElement(RemoteWebDriver.java:359)
	at org.openqa.selenium.support.pagefactory.DefaultElementLocator.findElement(DefaultElementLocator.java:70)
	at org.openqa.selenium.support.pagefactory.internal.LocatingElementHandler.invoke(LocatingElementHandler.java:39)
	at jdk.proxy2/jdk.proxy2.$Proxy20.toString(Unknown Source)
	at java.base/java.lang.String.valueOf(String.java:4215)
	at java.base/java.lang.StringBuilder.append(StringBuilder.java:169)
	at common.CommonActions.selectByValue(CommonActions.java:111)
	at pages.VehicleDetailsPages.vehicleModel(VehicleDetailsPages.java:37)
	at pages.VehicleDetailsPages.vehicleDetailsPagesSteps(VehicleDetailsPages.java:79)
	at practice.TestRobustPractice.toyotaTestWithoutParam(TestRobustPractice.java:29)
	at java.base/java.util.ArrayList.forEach(ArrayList.java:1511)
... Removed 32 stack frames</div></td></tr></table><p class="totop"><a href="#summary">back to summary</a></p>
<h3 id="m3">practice.TestRobustPractice#afterEachTestMethod</h3><table class="result"><tr><th class="invisible"/></tr></table><p class="totop"><a href="#summary">back to summary</a></p>
<h3 id="m4">practice.TestRobustPractice#cleaningUp</h3><table class="result"><tr><th class="invisible"/></tr></table><p class="totop"><a href="#summary">back to summary</a></p>
<h3 id="m5">practice.TestRobustPractice#cleaningUp</h3><table class="result"><tr><th class="invisible"/></tr></table><p class="totop"><a href="#summary">back to summary</a></p>
<h3 id="m6">practice.TestRobustPractice#setUp</h3><table class="result"><tr><th class="invisible"/></tr></table><p class="totop"><a href="#summary">back to summary</a></p>
<h3 id="m7">practice.TestRobustPractice#startReport</h3><table class="result"><tr><th class="invisible"/></tr></table><p class="totop"><a href="#summary">back to summary</a></p>
<h3 id="m8">practice.TestRobustPractice#hondaTest</h3><table class="result"><tr><th>Exception</th></tr><tr><td><div class="stacktrace">org.openqa.selenium.NoSuchWindowException: no such window: target window already closed
from unknown error: web view not found
  (Session info: chrome=102.0.5005.63)
Build info: version: &apos;4.1.1&apos;, revision: &apos;e8fcc2cecf&apos;
System info: host: &apos;CODEONE&apos;, ip: &apos;192.168.1.174&apos;, os.name: &apos;Windows 10&apos;, os.arch: &apos;amd64&apos;, os.version: &apos;10.0&apos;, java.version: &apos;17.0.1&apos;
Driver info: org.openqa.selenium.chrome.ChromeDriver
Command: [2a43d2abf1be7dd9d2c4884643299af6, screenshot {}]
Capabilities {acceptInsecureCerts: false, browserName: chrome, browserVersion: 102.0.5005.63, chrome: {chromedriverVersion: 102.0.5005.61 (0e59bcc00cc4..., userDataDir: C:\Users\rubal\AppData\Loca...}, goog:chromeOptions: {debuggerAddress: localhost:53495}, javascriptEnabled: true, networkConnectionEnabled: false, pageLoadStrategy: normal, platform: WINDOWS, platformName: WINDOWS, proxy: Proxy(), se:cdp: ws://localhost:53495/devtoo..., se:cdpVersion: 102.0.5005.63, setWindowRect: true, strictFileInteractability: false, timeouts: {implicit: 0, pageLoad: 300000, script: 30000}, unhandledPromptBehavior: dismiss and notify, webauthn:extension:credBlob: true, webauthn:extension:largeBlob: true, webauthn:virtualAuthenticators: true}
Session ID: 2a43d2abf1be7dd9d2c4884643299af6
	at org.openqa.selenium.remote.codec.w3c.W3CHttpResponseCodec.createException(W3CHttpResponseCodec.java:200)
	at org.openqa.selenium.remote.codec.w3c.W3CHttpResponseCodec.decode(W3CHttpResponseCodec.java:133)
	at org.openqa.selenium.remote.codec.w3c.W3CHttpResponseCodec.decode(W3CHttpResponseCodec.java:53)
	at org.openqa.selenium.remote.HttpCommandExecutor.execute(HttpCommandExecutor.java:184)
	at org.openqa.selenium.remote.service.DriverCommandExecutor.invokeExecute(DriverCommandExecutor.java:167)
	at org.openqa.selenium.remote.service.DriverCommandExecutor.execute(DriverCommandExecutor.java:142)
	at org.openqa.selenium.remote.RemoteWebDriver.execute(RemoteWebDriver.java:543)
	at org.openqa.selenium.remote.RemoteWebDriver.execute(RemoteWebDriver.java:598)
	at org.openqa.selenium.remote.RemoteWebDriver.execute(RemoteWebDriver.java:602)
	at org.openqa.selenium.remote.RemoteWebDriver.getScreenshotAs(RemoteWebDriver.java:333)
	at common.CommonActions.getScreenShot(CommonActions.java:226)
	at base.BaseClass.afterEachTestMethod(BaseClass.java:103)
	at java.base/java.util.ArrayList.forEach(ArrayList.java:1511)
... Removed 37 stack frames</div></td></tr></table><p class="totop"><a href="#summary">back to summary</a></p>
</body>
</html>
