<?xml version="1.0" encoding="UTF-8"?>
<testng-results ignored="2" total="5" passed="0" failed="2" skipped="1">
  <reporter-output>
    <line>
      <![CDATA[[[ChromeDriver: chrome on WINDOWS (2a43d2abf1be7dd9d2c4884643299af6)] -> xpath: //h1[text()='Get a Customized Insurance Quote']] has text : GET A CUSTOMIZED INSURANCE QUOTE<br>]]>
    </line>
    <line>
      <![CDATA[Actual : GET A CUSTOMIZED INSURANCE QUOTE<<<>>>Expeted : GET A CUSTOMIZED INSURANCE QUOTE<br>]]>
    </line>
    <line>
      <![CDATA[Element is clicking : [[ChromeDriver: chrome on WINDOWS (2a43d2abf1be7dd9d2c4884643299af6)] -> xpath: //button[@class='LeadRouting__select a'][1]]<br><br>]]>
    </line>
    <line>
      <![CDATA[07457 : value passed to element : [[ChromeDriver: chrome on WINDOWS (2a43d2abf1be7dd9d2c4884643299af6)] -> id: uid_54]<br><br>]]>
    </line>
    <line>
      <![CDATA[Element is clicking : Proxy element for: DefaultElementLocator 'By.xpath: (//span[@class='LoadingButton__content'])[1]'<br><br>]]>
    </line>
    <line>
      <![CDATA[Element is clicking : Proxy element for: DefaultElementLocator 'By.xpath: //span[text()='Get a Quote']'<br><br>]]>
    </line>
    <line>
      <![CDATA[07457 : value passed to element : [[ChromeDriver: chrome on WINDOWS (2a43d2abf1be7dd9d2c4884643299af6)] -> id: uid_34]<br><br>]]>
    </line>
    <line>
      <![CDATA[A : value has been selected from the element : [[ChromeDriver: chrome on WINDOWS (2a43d2abf1be7dd9d2c4884643299af6)] -> id: uid_37]<br><br>]]>
    </line>
    <line>
      <![CDATA[Element is clicking : [[ChromeDriver: chrome on WINDOWS (2a43d2abf1be7dd9d2c4884643299af6)] -> xpath: (//button[@type='submit'])[1]]<br><br>]]>
    </line>
    <line>
      <![CDATA[Pippen : value passed to element : [[ChromeDriver: chrome on WINDOWS (2a43d2abf1be7dd9d2c4884643299af6)] -> id: F_PH_FirstName_0]<br><br>]]>
    </line>
    <line>
      <![CDATA[Z : value passed to element : [[ChromeDriver: chrome on WINDOWS (2a43d2abf1be7dd9d2c4884643299af6)] -> id: F_PH_MiddleInitial_0]<br><br>]]>
    </line>
    <line>
      <![CDATA[Jordan : value passed to element : [[ChromeDriver: chrome on WINDOWS (2a43d2abf1be7dd9d2c4884643299af6)] -> id: F_PH_LastName_0]<br><br>]]>
    </line>
    <line>
      <![CDATA[01231982 : value passed to element : [[ChromeDriver: chrome on WINDOWS (2a43d2abf1be7dd9d2c4884643299af6)] -> id: F_PH_DOB_0]<br><br>]]>
    </line>
    <line>
      <![CDATA[youcanemail@gmail.com : value passed to element : [[ChromeDriver: chrome on WINDOWS (2a43d2abf1be7dd9d2c4884643299af6)] -> id: F_PH_email_0]<br><br>]]>
    </line>
    <line>
      <![CDATA[Riverdale : value passed to element : [[ChromeDriver: chrome on WINDOWS (2a43d2abf1be7dd9d2c4884643299af6)] -> id: F_city_0]<br><br>]]>
    </line>
    <line>
      <![CDATA[1 S Corporate Dr : value passed to element : [[ChromeDriver: chrome on WINDOWS (2a43d2abf1be7dd9d2c4884643299af6)] -> id: F_street_0]<br><br>]]>
    </line>
    <line>
      <![CDATA[NJ : value has been selected from the element : [[ChromeDriver: chrome on WINDOWS (2a43d2abf1be7dd9d2c4884643299af6)] -> id: F_state_0]<br><br>]]>
    </line>
    <line>
      <![CDATA[07457 : value passed to element : [[ChromeDriver: chrome on WINDOWS (2a43d2abf1be7dd9d2c4884643299af6)] -> id: F_zipCode_0]<br><br>]]>
    </line>
    <line>
      <![CDATA[2003 : value passed to element : [[ChromeDriver: chrome on WINDOWS (2a43d2abf1be7dd9d2c4884643299af6)] -> id: F_livingYear_0]<br><br>]]>
    </line>
    <line>
      <![CDATA[Element is clicking : [[ChromeDriver: chrome on WINDOWS (2a43d2abf1be7dd9d2c4884643299af6)] -> xpath: //span[text()='Continue ']]<br><br>]]>
    </line>
    <line>
      <![CDATA[2021 : value passed to element : [[ChromeDriver: chrome on WINDOWS (2a43d2abf1be7dd9d2c4884643299af6)] -> id: F_year_0]<br><br>]]>
    </line>
    <line>
      <![CDATA[BMW : value has been selected from the element : [[ChromeDriver: chrome on WINDOWS (2a43d2abf1be7dd9d2c4884643299af6)] -> id: F_make_0]<br><br>]]>
    </line>
  </reporter-output>
  <suite started-at="2022-06-05T11:29:04 EDT" name="Suite" finished-at="2022-06-05T11:30:08 EDT" duration-ms="64523">
    <groups>
      <group name="auto">
        <method signature="TestRobustPractice.hondaTest()[pri:1, instance:practice.TestRobustPractice@d9345cd]" name="hondaTest" class="practice.TestRobustPractice"/>
        <method signature="TestRobustPractice.toyotaTest(java.lang.String,java.lang.String)[pri:0, instance:practice.TestRobustPractice@d9345cd]" name="toyotaTest" class="practice.TestRobustPractice"/>
        <method signature="TestRobustPractice.toyotaTestWithoutParam()[pri:0, instance:practice.TestRobustPractice@d9345cd]" name="toyotaTestWithoutParam" class="practice.TestRobustPractice"/>
      </group> <!-- auto -->
      <group name="toyota">
        <method signature="TestRobustPractice.toyotaTest(java.lang.String,java.lang.String)[pri:0, instance:practice.TestRobustPractice@d9345cd]" name="toyotaTest" class="practice.TestRobustPractice"/>
        <method signature="TestRobustPractice.toyotaTestWithoutParam()[pri:0, instance:practice.TestRobustPractice@d9345cd]" name="toyotaTestWithoutParam" class="practice.TestRobustPractice"/>
      </group> <!-- toyota -->
      <group name="honda">
        <method signature="TestRobustPractice.hondaTest()[pri:1, instance:practice.TestRobustPractice@d9345cd]" name="hondaTest" class="practice.TestRobustPractice"/>
      </group> <!-- honda -->
    </groups>
    <test started-at="2022-06-05T11:29:04 EDT" name="Test" finished-at="2022-06-05T11:30:08 EDT" duration-ms="64523">
      <class name="practice.TestRobustPractice">
        <test-method is-config="true" signature="reportingInitiating()[pri:0, instance:practice.TestRobustPractice@d9345cd]" started-at="2022-06-05T11:29:03 EDT" name="reportingInitiating" finished-at="2022-06-05T11:29:04 EDT" duration-ms="230" status="PASS">
          <reporter-output>
          </reporter-output>
        </test-method> <!-- reportingInitiating -->
        <test-method signature="toyotaTest(java.lang.String,java.lang.String)[pri:0, instance:practice.TestRobustPractice@d9345cd]" started-at="2022-06-05T11:29:04 EDT" name="toyotaTest" finished-at="2022-06-05T11:29:04 EDT" duration-ms="0" status="FAIL">
          <exception class="org.testng.TestNGException">
            <message>
              <![CDATA[
Parameter 'zipvalue' is required by @Test on method toyotaTest but has not been marked @Optional or defined
in C:\Users\rubal\eclipse-workspace\com.amfam.TDD\PracticeRunner.xml]]>
            </message>
            <full-stacktrace>
              <![CDATA[org.testng.TestNGException: 
Parameter 'zipvalue' is required by @Test on method toyotaTest but has not been marked @Optional or defined
in C:\Users\rubal\eclipse-workspace\com.amfam.TDD\PracticeRunner.xml
at org.testng.internal.Parameters.createParams(Parameters.java:270)
at org.testng.internal.Parameters.createParametersForMethod(Parameters.java:358)
at org.testng.internal.Parameters.createParameters(Parameters.java:700)
at org.testng.internal.Parameters.handleParameters(Parameters.java:884)
at org.testng.internal.Parameters.handleParameters(Parameters.java:740)
at org.testng.internal.ParameterHandler.handleParameters(ParameterHandler.java:59)
at org.testng.internal.ParameterHandler.createParameters(ParameterHandler.java:38)
at org.testng.internal.TestInvoker$MethodInvocationAgent.invoke(TestInvoker.java:791)
at org.testng.internal.TestInvoker.invokeTestMethods(TestInvoker.java:146)
at org.testng.internal.TestMethodWorker.invokeTestMethods(TestMethodWorker.java:146)
at org.testng.internal.TestMethodWorker.run(TestMethodWorker.java:128)
at java.base/java.util.ArrayList.forEach(ArrayList.java:1511)
at org.testng.TestRunner.privateRun(TestRunner.java:794)
at org.testng.TestRunner.run(TestRunner.java:596)
at org.testng.SuiteRunner.runTest(SuiteRunner.java:377)
at org.testng.SuiteRunner.runSequentially(SuiteRunner.java:371)
at org.testng.SuiteRunner.privateRun(SuiteRunner.java:332)
at org.testng.SuiteRunner.run(SuiteRunner.java:276)
at org.testng.SuiteRunnerWorker.runSuite(SuiteRunnerWorker.java:53)
at org.testng.SuiteRunnerWorker.run(SuiteRunnerWorker.java:96)
at org.testng.TestNG.runSuitesSequentially(TestNG.java:1212)
at org.testng.TestNG.runSuitesLocally(TestNG.java:1134)
at org.testng.TestNG.runSuites(TestNG.java:1063)
at org.testng.TestNG.run(TestNG.java:1031)
at org.testng.remote.AbstractRemoteTestNG.run(AbstractRemoteTestNG.java:115)
at org.testng.remote.RemoteTestNG.initAndRun(RemoteTestNG.java:251)
at org.testng.remote.RemoteTestNG.main(RemoteTestNG.java:77)
]]>
            </full-stacktrace>
          </exception> <!-- org.testng.TestNGException -->
          <reporter-output>
          </reporter-output>
        </test-method> <!-- toyotaTest -->
        <test-method is-config="true" signature="setUp(java.lang.String)[pri:0, instance:practice.TestRobustPractice@d9345cd]" started-at="2022-06-05T11:29:04 EDT" name="setUp" finished-at="2022-06-05T11:29:10 EDT" duration-ms="6138" status="PASS">
          <params>
            <param index="0">
              <value>
                <![CDATA[chrome]]>
              </value>
            </param>
          </params>
          <reporter-output>
          </reporter-output>
        </test-method> <!-- setUp -->
        <test-method is-config="true" signature="startReport(java.lang.reflect.Method)[pri:0, instance:practice.TestRobustPractice@d9345cd]" started-at="2022-06-05T11:29:10 EDT" name="startReport" finished-at="2022-06-05T11:29:10 EDT" duration-ms="17" status="PASS">
          <params>
            <param index="0">
              <value>
                <![CDATA[public void practice.TestRobustPractice.toyotaTestWithoutParam()]]>
              </value>
            </param>
          </params>
          <reporter-output>
          </reporter-output>
        </test-method> <!-- startReport -->
        <test-method signature="toyotaTestWithoutParam()[pri:0, instance:practice.TestRobustPractice@d9345cd]" started-at="2022-06-05T11:29:10 EDT" name="toyotaTestWithoutParam" finished-at="2022-06-05T11:30:08 EDT" duration-ms="58246" status="FAIL">
          <exception class="org.openqa.selenium.NoSuchWindowException">
            <message>
              <![CDATA[no such window: target window already closed
from unknown error: web view not found
  (Session info: chrome=102.0.5005.63)
Build info: version: '4.1.1', revision: 'e8fcc2cecf'
System info: host: 'CODEONE', ip: '192.168.1.174', os.name: 'Windows 10', os.arch: 'amd64', os.version: '10.0', java.version: '17.0.1'
Driver info: org.openqa.selenium.chrome.ChromeDriver
Command: [2a43d2abf1be7dd9d2c4884643299af6, findElement {using=id, value=F_model_0}]
Capabilities {acceptInsecureCerts: false, browserName: chrome, browserVersion: 102.0.5005.63, chrome: {chromedriverVersion: 102.0.5005.61 (0e59bcc00cc4..., userDataDir: C:\Users\rubal\AppData\Loca...}, goog:chromeOptions: {debuggerAddress: localhost:53495}, javascriptEnabled: true, networkConnectionEnabled: false, pageLoadStrategy: normal, platform: WINDOWS, platformName: WINDOWS, proxy: Proxy(), se:cdp: ws://localhost:53495/devtoo..., se:cdpVersion: 102.0.5005.63, setWindowRect: true, strictFileInteractability: false, timeouts: {implicit: 0, pageLoad: 300000, script: 30000}, unhandledPromptBehavior: dismiss and notify, webauthn:extension:credBlob: true, webauthn:extension:largeBlob: true, webauthn:virtualAuthenticators: true}
Session ID: 2a43d2abf1be7dd9d2c4884643299af6]]>
            </message>
            <full-stacktrace>
              <![CDATA[org.openqa.selenium.NoSuchWindowException: no such window: target window already closed
from unknown error: web view not found
  (Session info: chrome=102.0.5005.63)
Build info: version: '4.1.1', revision: 'e8fcc2cecf'
System info: host: 'CODEONE', ip: '192.168.1.174', os.name: 'Windows 10', os.arch: 'amd64', os.version: '10.0', java.version: '17.0.1'
Driver info: org.openqa.selenium.chrome.ChromeDriver
Command: [2a43d2abf1be7dd9d2c4884643299af6, findElement {using=id, value=F_model_0}]
Capabilities {acceptInsecureCerts: false, browserName: chrome, browserVersion: 102.0.5005.63, chrome: {chromedriverVersion: 102.0.5005.61 (0e59bcc00cc4..., userDataDir: C:\Users\rubal\AppData\Loca...}, goog:chromeOptions: {debuggerAddress: localhost:53495}, javascriptEnabled: true, networkConnectionEnabled: false, pageLoadStrategy: normal, platform: WINDOWS, platformName: WINDOWS, proxy: Proxy(), se:cdp: ws://localhost:53495/devtoo..., se:cdpVersion: 102.0.5005.63, setWindowRect: true, strictFileInteractability: false, timeouts: {implicit: 0, pageLoad: 300000, script: 30000}, unhandledPromptBehavior: dismiss and notify, webauthn:extension:credBlob: true, webauthn:extension:largeBlob: true, webauthn:virtualAuthenticators: true}
Session ID: 2a43d2abf1be7dd9d2c4884643299af6
at java.base/jdk.internal.reflect.NativeConstructorAccessorImpl.newInstance0(Native Method)
at java.base/jdk.internal.reflect.NativeConstructorAccessorImpl.newInstance(NativeConstructorAccessorImpl.java:77)
at java.base/jdk.internal.reflect.DelegatingConstructorAccessorImpl.newInstance(DelegatingConstructorAccessorImpl.java:45)
at java.base/java.lang.reflect.Constructor.newInstanceWithCaller(Constructor.java:499)
at java.base/java.lang.reflect.Constructor.newInstance(Constructor.java:480)
at org.openqa.selenium.remote.codec.w3c.W3CHttpResponseCodec.createException(W3CHttpResponseCodec.java:200)
at org.openqa.selenium.remote.codec.w3c.W3CHttpResponseCodec.decode(W3CHttpResponseCodec.java:133)
at org.openqa.selenium.remote.codec.w3c.W3CHttpResponseCodec.decode(W3CHttpResponseCodec.java:53)
at org.openqa.selenium.remote.HttpCommandExecutor.execute(HttpCommandExecutor.java:184)
at org.openqa.selenium.remote.service.DriverCommandExecutor.invokeExecute(DriverCommandExecutor.java:167)
at org.openqa.selenium.remote.service.DriverCommandExecutor.execute(DriverCommandExecutor.java:142)
at org.openqa.selenium.remote.RemoteWebDriver.execute(RemoteWebDriver.java:543)
at org.openqa.selenium.remote.ElementLocation$ElementFinder$2.findElement(ElementLocation.java:162)
at org.openqa.selenium.remote.ElementLocation.findElement(ElementLocation.java:60)
at org.openqa.selenium.remote.RemoteWebDriver.findElement(RemoteWebDriver.java:367)
at org.openqa.selenium.remote.RemoteWebDriver.findElement(RemoteWebDriver.java:359)
at org.openqa.selenium.support.pagefactory.DefaultElementLocator.findElement(DefaultElementLocator.java:70)
at org.openqa.selenium.support.pagefactory.internal.LocatingElementHandler.invoke(LocatingElementHandler.java:39)
at jdk.proxy2/jdk.proxy2.$Proxy20.toString(Unknown Source)
at java.base/java.lang.String.valueOf(String.java:4215)
at java.base/java.lang.StringBuilder.append(StringBuilder.java:169)
at common.CommonActions.selectByValue(CommonActions.java:111)
at pages.VehicleDetailsPages.vehicleModel(VehicleDetailsPages.java:37)
at pages.VehicleDetailsPages.vehicleDetailsPagesSteps(VehicleDetailsPages.java:79)
at practice.TestRobustPractice.toyotaTestWithoutParam(TestRobustPractice.java:29)
at java.base/jdk.internal.reflect.NativeMethodAccessorImpl.invoke0(Native Method)
at java.base/jdk.internal.reflect.NativeMethodAccessorImpl.invoke(NativeMethodAccessorImpl.java:77)
at java.base/jdk.internal.reflect.DelegatingMethodAccessorImpl.invoke(DelegatingMethodAccessorImpl.java:43)
at java.base/java.lang.reflect.Method.invoke(Method.java:568)
at org.testng.internal.MethodInvocationHelper.invokeMethod(MethodInvocationHelper.java:133)
at org.testng.internal.TestInvoker.invokeMethod(TestInvoker.java:598)
at org.testng.internal.TestInvoker.invokeTestMethod(TestInvoker.java:173)
at org.testng.internal.MethodRunner.runInSequence(MethodRunner.java:46)
at org.testng.internal.TestInvoker$MethodInvocationAgent.invoke(TestInvoker.java:824)
at org.testng.internal.TestInvoker.invokeTestMethods(TestInvoker.java:146)
at org.testng.internal.TestMethodWorker.invokeTestMethods(TestMethodWorker.java:146)
at org.testng.internal.TestMethodWorker.run(TestMethodWorker.java:128)
at java.base/java.util.ArrayList.forEach(ArrayList.java:1511)
at org.testng.TestRunner.privateRun(TestRunner.java:794)
at org.testng.TestRunner.run(TestRunner.java:596)
at org.testng.SuiteRunner.runTest(SuiteRunner.java:377)
at org.testng.SuiteRunner.runSequentially(SuiteRunner.java:371)
at org.testng.SuiteRunner.privateRun(SuiteRunner.java:332)
at org.testng.SuiteRunner.run(SuiteRunner.java:276)
at org.testng.SuiteRunnerWorker.runSuite(SuiteRunnerWorker.java:53)
at org.testng.SuiteRunnerWorker.run(SuiteRunnerWorker.java:96)
at org.testng.TestNG.runSuitesSequentially(TestNG.java:1212)
at org.testng.TestNG.runSuitesLocally(TestNG.java:1134)
at org.testng.TestNG.runSuites(TestNG.java:1063)
at org.testng.TestNG.run(TestNG.java:1031)
at org.testng.remote.AbstractRemoteTestNG.run(AbstractRemoteTestNG.java:115)
at org.testng.remote.RemoteTestNG.initAndRun(RemoteTestNG.java:251)
at org.testng.remote.RemoteTestNG.main(RemoteTestNG.java:77)
]]>
            </full-stacktrace>
          </exception> <!-- org.openqa.selenium.NoSuchWindowException -->
          <reporter-output>
            <line>
              <![CDATA[[[ChromeDriver: chrome on WINDOWS (2a43d2abf1be7dd9d2c4884643299af6)] -> xpath: //h1[text()='Get a Customized Insurance Quote']] has text : GET A CUSTOMIZED INSURANCE QUOTE<br>]]>
            </line>
            <line>
              <![CDATA[Actual : GET A CUSTOMIZED INSURANCE QUOTE<<<>>>Expeted : GET A CUSTOMIZED INSURANCE QUOTE<br>]]>
            </line>
            <line>
              <![CDATA[Element is clicking : [[ChromeDriver: chrome on WINDOWS (2a43d2abf1be7dd9d2c4884643299af6)] -> xpath: //button[@class='LeadRouting__select a'][1]]<br><br>]]>
            </line>
            <line>
              <![CDATA[07457 : value passed to element : [[ChromeDriver: chrome on WINDOWS (2a43d2abf1be7dd9d2c4884643299af6)] -> id: uid_54]<br><br>]]>
            </line>
            <line>
              <![CDATA[Element is clicking : Proxy element for: DefaultElementLocator 'By.xpath: (//span[@class='LoadingButton__content'])[1]'<br><br>]]>
            </line>
            <line>
              <![CDATA[Element is clicking : Proxy element for: DefaultElementLocator 'By.xpath: //span[text()='Get a Quote']'<br><br>]]>
            </line>
            <line>
              <![CDATA[07457 : value passed to element : [[ChromeDriver: chrome on WINDOWS (2a43d2abf1be7dd9d2c4884643299af6)] -> id: uid_34]<br><br>]]>
            </line>
            <line>
              <![CDATA[A : value has been selected from the element : [[ChromeDriver: chrome on WINDOWS (2a43d2abf1be7dd9d2c4884643299af6)] -> id: uid_37]<br><br>]]>
            </line>
            <line>
              <![CDATA[Element is clicking : [[ChromeDriver: chrome on WINDOWS (2a43d2abf1be7dd9d2c4884643299af6)] -> xpath: (//button[@type='submit'])[1]]<br><br>]]>
            </line>
            <line>
              <![CDATA[Pippen : value passed to element : [[ChromeDriver: chrome on WINDOWS (2a43d2abf1be7dd9d2c4884643299af6)] -> id: F_PH_FirstName_0]<br><br>]]>
            </line>
            <line>
              <![CDATA[Z : value passed to element : [[ChromeDriver: chrome on WINDOWS (2a43d2abf1be7dd9d2c4884643299af6)] -> id: F_PH_MiddleInitial_0]<br><br>]]>
            </line>
            <line>
              <![CDATA[Jordan : value passed to element : [[ChromeDriver: chrome on WINDOWS (2a43d2abf1be7dd9d2c4884643299af6)] -> id: F_PH_LastName_0]<br><br>]]>
            </line>
            <line>
              <![CDATA[01231982 : value passed to element : [[ChromeDriver: chrome on WINDOWS (2a43d2abf1be7dd9d2c4884643299af6)] -> id: F_PH_DOB_0]<br><br>]]>
            </line>
            <line>
              <![CDATA[youcanemail@gmail.com : value passed to element : [[ChromeDriver: chrome on WINDOWS (2a43d2abf1be7dd9d2c4884643299af6)] -> id: F_PH_email_0]<br><br>]]>
            </line>
            <line>
              <![CDATA[Riverdale : value passed to element : [[ChromeDriver: chrome on WINDOWS (2a43d2abf1be7dd9d2c4884643299af6)] -> id: F_city_0]<br><br>]]>
            </line>
            <line>
              <![CDATA[1 S Corporate Dr : value passed to element : [[ChromeDriver: chrome on WINDOWS (2a43d2abf1be7dd9d2c4884643299af6)] -> id: F_street_0]<br><br>]]>
            </line>
            <line>
              <![CDATA[NJ : value has been selected from the element : [[ChromeDriver: chrome on WINDOWS (2a43d2abf1be7dd9d2c4884643299af6)] -> id: F_state_0]<br><br>]]>
            </line>
            <line>
              <![CDATA[07457 : value passed to element : [[ChromeDriver: chrome on WINDOWS (2a43d2abf1be7dd9d2c4884643299af6)] -> id: F_zipCode_0]<br><br>]]>
            </line>
            <line>
              <![CDATA[2003 : value passed to element : [[ChromeDriver: chrome on WINDOWS (2a43d2abf1be7dd9d2c4884643299af6)] -> id: F_livingYear_0]<br><br>]]>
            </line>
            <line>
              <![CDATA[Element is clicking : [[ChromeDriver: chrome on WINDOWS (2a43d2abf1be7dd9d2c4884643299af6)] -> xpath: //span[text()='Continue ']]<br><br>]]>
            </line>
            <line>
              <![CDATA[2021 : value passed to element : [[ChromeDriver: chrome on WINDOWS (2a43d2abf1be7dd9d2c4884643299af6)] -> id: F_year_0]<br><br>]]>
            </line>
            <line>
              <![CDATA[BMW : value has been selected from the element : [[ChromeDriver: chrome on WINDOWS (2a43d2abf1be7dd9d2c4884643299af6)] -> id: F_make_0]<br><br>]]>
            </line>
          </reporter-output>
        </test-method> <!-- toyotaTestWithoutParam -->
        <test-method is-config="true" signature="afterEachTestMethod(org.testng.ITestResult)[pri:0, instance:practice.TestRobustPractice@d9345cd]" started-at="2022-06-05T11:30:08 EDT" name="afterEachTestMethod" finished-at="2022-06-05T11:30:08 EDT" duration-ms="31" status="FAIL">
          <params>
            <param index="0">
              <value>
                <![CDATA[[TestResult name=toyotaTestWithoutParam status=FAILURE method=TestRobustPractice.toyotaTestWithoutParam()[pri:0, instance:practice.TestRobustPractice@d9345cd] output=[[ChromeDriver: chrome on WINDOWS (2a43d2abf1be7dd9d2c4884643299af6)] -> xpath: //h1[text()='Get a Customized Insurance Quote']] has text : GET A CUSTOMIZED INSURANCE QUOTE<br>]]]>
              </value>
            </param>
          </params>
          <exception class="org.openqa.selenium.NoSuchWindowException">
            <message>
              <![CDATA[no such window: target window already closed
from unknown error: web view not found
  (Session info: chrome=102.0.5005.63)
Build info: version: '4.1.1', revision: 'e8fcc2cecf'
System info: host: 'CODEONE', ip: '192.168.1.174', os.name: 'Windows 10', os.arch: 'amd64', os.version: '10.0', java.version: '17.0.1'
Driver info: org.openqa.selenium.chrome.ChromeDriver
Command: [2a43d2abf1be7dd9d2c4884643299af6, screenshot {}]
Capabilities {acceptInsecureCerts: false, browserName: chrome, browserVersion: 102.0.5005.63, chrome: {chromedriverVersion: 102.0.5005.61 (0e59bcc00cc4..., userDataDir: C:\Users\rubal\AppData\Loca...}, goog:chromeOptions: {debuggerAddress: localhost:53495}, javascriptEnabled: true, networkConnectionEnabled: false, pageLoadStrategy: normal, platform: WINDOWS, platformName: WINDOWS, proxy: Proxy(), se:cdp: ws://localhost:53495/devtoo..., se:cdpVersion: 102.0.5005.63, setWindowRect: true, strictFileInteractability: false, timeouts: {implicit: 0, pageLoad: 300000, script: 30000}, unhandledPromptBehavior: dismiss and notify, webauthn:extension:credBlob: true, webauthn:extension:largeBlob: true, webauthn:virtualAuthenticators: true}
Session ID: 2a43d2abf1be7dd9d2c4884643299af6]]>
            </message>
            <full-stacktrace>
              <![CDATA[org.openqa.selenium.NoSuchWindowException: no such window: target window already closed
from unknown error: web view not found
  (Session info: chrome=102.0.5005.63)
Build info: version: '4.1.1', revision: 'e8fcc2cecf'
System info: host: 'CODEONE', ip: '192.168.1.174', os.name: 'Windows 10', os.arch: 'amd64', os.version: '10.0', java.version: '17.0.1'
Driver info: org.openqa.selenium.chrome.ChromeDriver
Command: [2a43d2abf1be7dd9d2c4884643299af6, screenshot {}]
Capabilities {acceptInsecureCerts: false, browserName: chrome, browserVersion: 102.0.5005.63, chrome: {chromedriverVersion: 102.0.5005.61 (0e59bcc00cc4..., userDataDir: C:\Users\rubal\AppData\Loca...}, goog:chromeOptions: {debuggerAddress: localhost:53495}, javascriptEnabled: true, networkConnectionEnabled: false, pageLoadStrategy: normal, platform: WINDOWS, platformName: WINDOWS, proxy: Proxy(), se:cdp: ws://localhost:53495/devtoo..., se:cdpVersion: 102.0.5005.63, setWindowRect: true, strictFileInteractability: false, timeouts: {implicit: 0, pageLoad: 300000, script: 30000}, unhandledPromptBehavior: dismiss and notify, webauthn:extension:credBlob: true, webauthn:extension:largeBlob: true, webauthn:virtualAuthenticators: true}
Session ID: 2a43d2abf1be7dd9d2c4884643299af6
at java.base/jdk.internal.reflect.NativeConstructorAccessorImpl.newInstance0(Native Method)
at java.base/jdk.internal.reflect.NativeConstructorAccessorImpl.newInstance(NativeConstructorAccessorImpl.java:77)
at java.base/jdk.internal.reflect.DelegatingConstructorAccessorImpl.newInstance(DelegatingConstructorAccessorImpl.java:45)
at java.base/java.lang.reflect.Constructor.newInstanceWithCaller(Constructor.java:499)
at java.base/java.lang.reflect.Constructor.newInstance(Constructor.java:480)
at org.openqa.selenium.remote.codec.w3c.W3CHttpResponseCodec.createException(W3CHttpResponseCodec.java:200)
at org.openqa.selenium.remote.codec.w3c.W3CHttpResponseCodec.decode(W3CHttpResponseCodec.java:133)
at org.openqa.selenium.remote.codec.w3c.W3CHttpResponseCodec.decode(W3CHttpResponseCodec.java:53)
at org.openqa.selenium.remote.HttpCommandExecutor.execute(HttpCommandExecutor.java:184)
at org.openqa.selenium.remote.service.DriverCommandExecutor.invokeExecute(DriverCommandExecutor.java:167)
at org.openqa.selenium.remote.service.DriverCommandExecutor.execute(DriverCommandExecutor.java:142)
at org.openqa.selenium.remote.RemoteWebDriver.execute(RemoteWebDriver.java:543)
at org.openqa.selenium.remote.RemoteWebDriver.execute(RemoteWebDriver.java:598)
at org.openqa.selenium.remote.RemoteWebDriver.execute(RemoteWebDriver.java:602)
at org.openqa.selenium.remote.RemoteWebDriver.getScreenshotAs(RemoteWebDriver.java:333)
at common.CommonActions.getScreenShot(CommonActions.java:226)
at base.BaseClass.afterEachTestMethod(BaseClass.java:103)
at java.base/jdk.internal.reflect.NativeMethodAccessorImpl.invoke0(Native Method)
at java.base/jdk.internal.reflect.NativeMethodAccessorImpl.invoke(NativeMethodAccessorImpl.java:77)
at java.base/jdk.internal.reflect.DelegatingMethodAccessorImpl.invoke(DelegatingMethodAccessorImpl.java:43)
at java.base/java.lang.reflect.Method.invoke(Method.java:568)
at org.testng.internal.MethodInvocationHelper.invokeMethod(MethodInvocationHelper.java:133)
at org.testng.internal.MethodInvocationHelper.invokeMethodConsideringTimeout(MethodInvocationHelper.java:62)
at org.testng.internal.ConfigInvoker.invokeConfigurationMethod(ConfigInvoker.java:385)
at org.testng.internal.ConfigInvoker.invokeConfigurations(ConfigInvoker.java:321)
at org.testng.internal.TestInvoker.runConfigMethods(TestInvoker.java:700)
at org.testng.internal.TestInvoker.runAfterGroupsConfigurations(TestInvoker.java:676)
at org.testng.internal.TestInvoker.invokeMethod(TestInvoker.java:660)
at org.testng.internal.TestInvoker.invokeTestMethod(TestInvoker.java:173)
at org.testng.internal.MethodRunner.runInSequence(MethodRunner.java:46)
at org.testng.internal.TestInvoker$MethodInvocationAgent.invoke(TestInvoker.java:824)
at org.testng.internal.TestInvoker.invokeTestMethods(TestInvoker.java:146)
at org.testng.internal.TestMethodWorker.invokeTestMethods(TestMethodWorker.java:146)
at org.testng.internal.TestMethodWorker.run(TestMethodWorker.java:128)
at java.base/java.util.ArrayList.forEach(ArrayList.java:1511)
at org.testng.TestRunner.privateRun(TestRunner.java:794)
at org.testng.TestRunner.run(TestRunner.java:596)
at org.testng.SuiteRunner.runTest(SuiteRunner.java:377)
at org.testng.SuiteRunner.runSequentially(SuiteRunner.java:371)
at org.testng.SuiteRunner.privateRun(SuiteRunner.java:332)
at org.testng.SuiteRunner.run(SuiteRunner.java:276)
at org.testng.SuiteRunnerWorker.runSuite(SuiteRunnerWorker.java:53)
at org.testng.SuiteRunnerWorker.run(SuiteRunnerWorker.java:96)
at org.testng.TestNG.runSuitesSequentially(TestNG.java:1212)
at org.testng.TestNG.runSuitesLocally(TestNG.java:1134)
at org.testng.TestNG.runSuites(TestNG.java:1063)
at org.testng.TestNG.run(TestNG.java:1031)
at org.testng.remote.AbstractRemoteTestNG.run(AbstractRemoteTestNG.java:115)
at org.testng.remote.RemoteTestNG.initAndRun(RemoteTestNG.java:251)
at org.testng.remote.RemoteTestNG.main(RemoteTestNG.java:77)
]]>
            </full-stacktrace>
          </exception> <!-- org.openqa.selenium.NoSuchWindowException -->
          <reporter-output>
          </reporter-output>
        </test-method> <!-- afterEachTestMethod -->
        <test-method is-config="true" signature="cleaningUp()[pri:0, instance:practice.TestRobustPractice@d9345cd]" started-at="2022-06-05T11:30:08 EDT" name="cleaningUp" finished-at="1969-12-31T19:00:00 EST" duration-ms="-1654443008659" status="SKIP">
          <reporter-output>
          </reporter-output>
        </test-method> <!-- cleaningUp -->
        <test-method is-config="true" signature="setUp(java.lang.String)[pri:0, instance:practice.TestRobustPractice@d9345cd]" started-at="2022-06-05T11:30:08 EDT" name="setUp" finished-at="1969-12-31T19:00:00 EST" duration-ms="-1654443008669" status="SKIP">
          <reporter-output>
          </reporter-output>
        </test-method> <!-- setUp -->
        <test-method is-config="true" signature="startReport(java.lang.reflect.Method)[pri:0, instance:practice.TestRobustPractice@d9345cd]" started-at="2022-06-05T11:30:08 EDT" name="startReport" finished-at="1969-12-31T19:00:00 EST" duration-ms="-1654443008674" status="SKIP">
          <reporter-output>
          </reporter-output>
        </test-method> <!-- startReport -->
        <test-method signature="hondaTest()[pri:1, instance:practice.TestRobustPractice@d9345cd]" started-at="2022-06-05T11:30:08 EDT" name="hondaTest" finished-at="2022-06-05T11:30:08 EDT" duration-ms="0" status="SKIP">
          <exception class="org.openqa.selenium.NoSuchWindowException">
            <message>
              <![CDATA[no such window: target window already closed
from unknown error: web view not found
  (Session info: chrome=102.0.5005.63)
Build info: version: '4.1.1', revision: 'e8fcc2cecf'
System info: host: 'CODEONE', ip: '192.168.1.174', os.name: 'Windows 10', os.arch: 'amd64', os.version: '10.0', java.version: '17.0.1'
Driver info: org.openqa.selenium.chrome.ChromeDriver
Command: [2a43d2abf1be7dd9d2c4884643299af6, screenshot {}]
Capabilities {acceptInsecureCerts: false, browserName: chrome, browserVersion: 102.0.5005.63, chrome: {chromedriverVersion: 102.0.5005.61 (0e59bcc00cc4..., userDataDir: C:\Users\rubal\AppData\Loca...}, goog:chromeOptions: {debuggerAddress: localhost:53495}, javascriptEnabled: true, networkConnectionEnabled: false, pageLoadStrategy: normal, platform: WINDOWS, platformName: WINDOWS, proxy: Proxy(), se:cdp: ws://localhost:53495/devtoo..., se:cdpVersion: 102.0.5005.63, setWindowRect: true, strictFileInteractability: false, timeouts: {implicit: 0, pageLoad: 300000, script: 30000}, unhandledPromptBehavior: dismiss and notify, webauthn:extension:credBlob: true, webauthn:extension:largeBlob: true, webauthn:virtualAuthenticators: true}
Session ID: 2a43d2abf1be7dd9d2c4884643299af6]]>
            </message>
            <full-stacktrace>
              <![CDATA[org.openqa.selenium.NoSuchWindowException: no such window: target window already closed
from unknown error: web view not found
  (Session info: chrome=102.0.5005.63)
Build info: version: '4.1.1', revision: 'e8fcc2cecf'
System info: host: 'CODEONE', ip: '192.168.1.174', os.name: 'Windows 10', os.arch: 'amd64', os.version: '10.0', java.version: '17.0.1'
Driver info: org.openqa.selenium.chrome.ChromeDriver
Command: [2a43d2abf1be7dd9d2c4884643299af6, screenshot {}]
Capabilities {acceptInsecureCerts: false, browserName: chrome, browserVersion: 102.0.5005.63, chrome: {chromedriverVersion: 102.0.5005.61 (0e59bcc00cc4..., userDataDir: C:\Users\rubal\AppData\Loca...}, goog:chromeOptions: {debuggerAddress: localhost:53495}, javascriptEnabled: true, networkConnectionEnabled: false, pageLoadStrategy: normal, platform: WINDOWS, platformName: WINDOWS, proxy: Proxy(), se:cdp: ws://localhost:53495/devtoo..., se:cdpVersion: 102.0.5005.63, setWindowRect: true, strictFileInteractability: false, timeouts: {implicit: 0, pageLoad: 300000, script: 30000}, unhandledPromptBehavior: dismiss and notify, webauthn:extension:credBlob: true, webauthn:extension:largeBlob: true, webauthn:virtualAuthenticators: true}
Session ID: 2a43d2abf1be7dd9d2c4884643299af6
at java.base/jdk.internal.reflect.NativeConstructorAccessorImpl.newInstance0(Native Method)
at java.base/jdk.internal.reflect.NativeConstructorAccessorImpl.newInstance(NativeConstructorAccessorImpl.java:77)
at java.base/jdk.internal.reflect.DelegatingConstructorAccessorImpl.newInstance(DelegatingConstructorAccessorImpl.java:45)
at java.base/java.lang.reflect.Constructor.newInstanceWithCaller(Constructor.java:499)
at java.base/java.lang.reflect.Constructor.newInstance(Constructor.java:480)
at org.openqa.selenium.remote.codec.w3c.W3CHttpResponseCodec.createException(W3CHttpResponseCodec.java:200)
at org.openqa.selenium.remote.codec.w3c.W3CHttpResponseCodec.decode(W3CHttpResponseCodec.java:133)
at org.openqa.selenium.remote.codec.w3c.W3CHttpResponseCodec.decode(W3CHttpResponseCodec.java:53)
at org.openqa.selenium.remote.HttpCommandExecutor.execute(HttpCommandExecutor.java:184)
at org.openqa.selenium.remote.service.DriverCommandExecutor.invokeExecute(DriverCommandExecutor.java:167)
at org.openqa.selenium.remote.service.DriverCommandExecutor.execute(DriverCommandExecutor.java:142)
at org.openqa.selenium.remote.RemoteWebDriver.execute(RemoteWebDriver.java:543)
at org.openqa.selenium.remote.RemoteWebDriver.execute(RemoteWebDriver.java:598)
at org.openqa.selenium.remote.RemoteWebDriver.execute(RemoteWebDriver.java:602)
at org.openqa.selenium.remote.RemoteWebDriver.getScreenshotAs(RemoteWebDriver.java:333)
at common.CommonActions.getScreenShot(CommonActions.java:226)
at base.BaseClass.afterEachTestMethod(BaseClass.java:103)
at java.base/jdk.internal.reflect.NativeMethodAccessorImpl.invoke0(Native Method)
at java.base/jdk.internal.reflect.NativeMethodAccessorImpl.invoke(NativeMethodAccessorImpl.java:77)
at java.base/jdk.internal.reflect.DelegatingMethodAccessorImpl.invoke(DelegatingMethodAccessorImpl.java:43)
at java.base/java.lang.reflect.Method.invoke(Method.java:568)
at org.testng.internal.MethodInvocationHelper.invokeMethod(MethodInvocationHelper.java:133)
at org.testng.internal.MethodInvocationHelper.invokeMethodConsideringTimeout(MethodInvocationHelper.java:62)
at org.testng.internal.ConfigInvoker.invokeConfigurationMethod(ConfigInvoker.java:385)
at org.testng.internal.ConfigInvoker.invokeConfigurations(ConfigInvoker.java:321)
at org.testng.internal.TestInvoker.runConfigMethods(TestInvoker.java:700)
at org.testng.internal.TestInvoker.runAfterGroupsConfigurations(TestInvoker.java:676)
at org.testng.internal.TestInvoker.invokeMethod(TestInvoker.java:660)
at org.testng.internal.TestInvoker.invokeTestMethod(TestInvoker.java:173)
at org.testng.internal.MethodRunner.runInSequence(MethodRunner.java:46)
at org.testng.internal.TestInvoker$MethodInvocationAgent.invoke(TestInvoker.java:824)
at org.testng.internal.TestInvoker.invokeTestMethods(TestInvoker.java:146)
at org.testng.internal.TestMethodWorker.invokeTestMethods(TestMethodWorker.java:146)
at org.testng.internal.TestMethodWorker.run(TestMethodWorker.java:128)
at java.base/java.util.ArrayList.forEach(ArrayList.java:1511)
at org.testng.TestRunner.privateRun(TestRunner.java:794)
at org.testng.TestRunner.run(TestRunner.java:596)
at org.testng.SuiteRunner.runTest(SuiteRunner.java:377)
at org.testng.SuiteRunner.runSequentially(SuiteRunner.java:371)
at org.testng.SuiteRunner.privateRun(SuiteRunner.java:332)
at org.testng.SuiteRunner.run(SuiteRunner.java:276)
at org.testng.SuiteRunnerWorker.runSuite(SuiteRunnerWorker.java:53)
at org.testng.SuiteRunnerWorker.run(SuiteRunnerWorker.java:96)
at org.testng.TestNG.runSuitesSequentially(TestNG.java:1212)
at org.testng.TestNG.runSuitesLocally(TestNG.java:1134)
at org.testng.TestNG.runSuites(TestNG.java:1063)
at org.testng.TestNG.run(TestNG.java:1031)
at org.testng.remote.AbstractRemoteTestNG.run(AbstractRemoteTestNG.java:115)
at org.testng.remote.RemoteTestNG.initAndRun(RemoteTestNG.java:251)
at org.testng.remote.RemoteTestNG.main(RemoteTestNG.java:77)
]]>
            </full-stacktrace>
          </exception> <!-- org.openqa.selenium.NoSuchWindowException -->
          <reporter-output>
          </reporter-output>
        </test-method> <!-- hondaTest -->
        <test-method is-config="true" signature="afterEachTestMethod(org.testng.ITestResult)[pri:0, instance:practice.TestRobustPractice@d9345cd]" started-at="2022-06-05T11:30:08 EDT" name="afterEachTestMethod" finished-at="1969-12-31T19:00:00 EST" duration-ms="-1654443008691" status="SKIP">
          <reporter-output>
          </reporter-output>
        </test-method> <!-- afterEachTestMethod -->
        <test-method is-config="true" signature="cleaningUp()[pri:0, instance:practice.TestRobustPractice@d9345cd]" started-at="2022-06-05T11:30:08 EDT" name="cleaningUp" finished-at="1969-12-31T19:00:00 EST" duration-ms="-1654443008692" status="SKIP">
          <reporter-output>
          </reporter-output>
        </test-method> <!-- cleaningUp -->
        <test-method is-config="true" signature="endReport()[pri:0, instance:practice.TestRobustPractice@d9345cd]" started-at="2022-06-05T11:30:08 EDT" name="endReport" finished-at="2022-06-05T11:30:09 EDT" duration-ms="724" status="PASS">
          <reporter-output>
          </reporter-output>
        </test-method> <!-- endReport -->
      </class> <!-- practice.TestRobustPractice -->
    </test> <!-- Test -->
  </suite> <!-- Suite -->
</testng-results>
