<?xml version="1.0" encoding="UTF-8"?>
<!-- Generated by org.testng.reporters.JUnitReportReporter -->
<testsuite hostname="CodeOne" failures="0" tests="9" name="com.amfam.test.auto.AutoTestRobust" time="62.909" errors="1" timestamp="2022-05-22T23:50:58 EDT" skipped="7">
  <testcase classname="com.amfam.test.auto.AutoTestRobust" name="setUp" time="0.055">
    <error message="Session ID is null. Using WebDriver after calling quit()?
Build info: version: &#039;4.1.1&#039;, revision: &#039;e8fcc2cecf&#039;
System info: host: &#039;CODEONE&#039;, ip: &#039;192.168.1.174&#039;, os.name: &#039;Windows 10&#039;, os.arch: &#039;amd64&#039;, os.version: &#039;10.0&#039;, java.version: &#039;17.0.1&#039;
Driver info: org.openqa.selenium.edge.EdgeDriver
Command: [null, get {url=https://www.amfam.com/}]
Capabilities {acceptInsecureCerts: false, browserName: msedge, browserVersion: 101.0.1210.53, javascriptEnabled: true, ms:edgeOptions: {debuggerAddress: localhost:49689}, msedge: {msedgedriverVersion: 101.0.1210.53 (019dbf6dd738..., userDataDir: C:\Users\rubal\AppData\Loca...}, networkConnectionEnabled: false, pageLoadStrategy: normal, platform: WINDOWS, platformName: WINDOWS, proxy: Proxy(), se:cdp: ws://localhost:49689/devtoo..., se:cdpVersion: 101.0.1210.53, setWindowRect: true, strictFileInteractability: false, timeouts: {implicit: 0, pageLoad: 300000, script: 30000}, unhandledPromptBehavior: dismiss and notify, webauthn:extension:credBlob: true, webauthn:extension:largeBlob: true, webauthn:virtualAuthenticators: true}" type="org.openqa.selenium.NoSuchSessionException">
      <![CDATA[org.openqa.selenium.NoSuchSessionException: Session ID is null. Using WebDriver after calling quit()?
Build info: version: '4.1.1', revision: 'e8fcc2cecf'
System info: host: 'CODEONE', ip: '192.168.1.174', os.name: 'Windows 10', os.arch: 'amd64', os.version: '10.0', java.version: '17.0.1'
Driver info: org.openqa.selenium.edge.EdgeDriver
Command: [null, get {url=https://www.amfam.com/}]
Capabilities {acceptInsecureCerts: false, browserName: msedge, browserVersion: 101.0.1210.53, javascriptEnabled: true, ms:edgeOptions: {debuggerAddress: localhost:49689}, msedge: {msedgedriverVersion: 101.0.1210.53 (019dbf6dd738..., userDataDir: C:\Users\rubal\AppData\Loca...}, networkConnectionEnabled: false, pageLoadStrategy: normal, platform: WINDOWS, platformName: WINDOWS, proxy: Proxy(), se:cdp: ws://localhost:49689/devtoo..., se:cdpVersion: 101.0.1210.53, setWindowRect: true, strictFileInteractability: false, timeouts: {implicit: 0, pageLoad: 300000, script: 30000}, unhandledPromptBehavior: dismiss and notify, webauthn:extension:credBlob: true, webauthn:extension:largeBlob: true, webauthn:virtualAuthenticators: true}
at org.openqa.selenium.remote.HttpCommandExecutor.execute(HttpCommandExecutor.java:145)
at org.openqa.selenium.remote.service.DriverCommandExecutor.invokeExecute(DriverCommandExecutor.java:167)
at org.openqa.selenium.remote.service.DriverCommandExecutor.execute(DriverCommandExecutor.java:142)
at org.openqa.selenium.remote.RemoteWebDriver.execute(RemoteWebDriver.java:543)
at org.openqa.selenium.remote.RemoteWebDriver.get(RemoteWebDriver.java:312)
at base.BaseClass.setUp(BaseClass.java:65)
at java.base/jdk.internal.reflect.NativeMethodAccessorImpl.invoke0(Native Method)
at java.base/jdk.internal.reflect.NativeMethodAccessorImpl.invoke(NativeMethodAccessorImpl.java:77)
at java.base/jdk.internal.reflect.DelegatingMethodAccessorImpl.invoke(DelegatingMethodAccessorImpl.java:43)
at java.base/java.lang.reflect.Method.invoke(Method.java:568)
at org.testng.internal.MethodInvocationHelper.invokeMethod(MethodInvocationHelper.java:133)
at org.testng.internal.MethodInvocationHelper.invokeMethodConsideringTimeout(MethodInvocationHelper.java:62)
at org.testng.internal.ConfigInvoker.invokeConfigurationMethod(ConfigInvoker.java:385)
at org.testng.internal.ConfigInvoker.invokeConfigurations(ConfigInvoker.java:321)
at org.testng.internal.TestInvoker.runConfigMethods(TestInvoker.java:700)
at org.testng.internal.TestInvoker.invokeMethod(TestInvoker.java:527)
at org.testng.internal.TestInvoker.invokeTestMethod(TestInvoker.java:173)
at org.testng.internal.MethodRunner.runInSequence(MethodRunner.java:46)
at org.testng.internal.TestInvoker$MethodInvocationAgent.invoke(TestInvoker.java:824)
at org.testng.internal.TestInvoker.invokeTestMethods(TestInvoker.java:146)
at org.testng.internal.TestMethodWorker.invokeTestMethods(TestMethodWorker.java:146)
at org.testng.internal.TestMethodWorker.run(TestMethodWorker.java:128)
at java.base/java.util.concurrent.ThreadPoolExecutor.runWorker(ThreadPoolExecutor.java:1136)
at java.base/java.util.concurrent.ThreadPoolExecutor$Worker.run(ThreadPoolExecutor.java:635)
at java.base/java.lang.Thread.run(Thread.java:833)
]]>
    </error>
  </testcase> <!-- setUp -->
  <system-out/>
  <testcase classname="com.amfam.test.auto.AutoTestRobust" name="hondaTest" time="0.000">
    <skipped/>
  </testcase> <!-- hondaTest -->
  <system-out/>
  <testcase classname="com.amfam.test.auto.AutoTestRobust" name="hondaTest" time="62.854"/>
  <system-out>
    <![CDATA[Element is clicking : [[EdgeDriver: msedge on WINDOWS (596d4fad686f76750f07d4b8010a7c8e)] -> xpath: //button[@class='LeadRouting__select a'][1]]<br>
07457 : value passed to element : [[EdgeDriver: msedge on WINDOWS (596d4fad686f76750f07d4b8010a7c8e)] -> id: uid_54]<br>
Element is clicking : Proxy element for: DefaultElementLocator 'By.xpath: (//span[@class='LoadingButton__content'])[1]'<br>
Element is clicking : Proxy element for: DefaultElementLocator 'By.xpath: //span[text()='Get a Quote']'<br>
07457 : value passed to element : [[EdgeDriver: msedge on WINDOWS (596d4fad686f76750f07d4b8010a7c8e)] -> id: uid_34]<br>
A : value has been selected from the element : [[EdgeDriver: msedge on WINDOWS (596d4fad686f76750f07d4b8010a7c8e)] -> id: uid_37]<br>
Element is clicking : [[EdgeDriver: msedge on WINDOWS (596d4fad686f76750f07d4b8010a7c8e)] -> xpath: (//button[@type='submit'])[1]]<br>
Pippen : value passed to element : [[EdgeDriver: msedge on WINDOWS (596d4fad686f76750f07d4b8010a7c8e)] -> id: F_PH_FirstName_0]<br>
Z : value passed to element : [[EdgeDriver: msedge on WINDOWS (596d4fad686f76750f07d4b8010a7c8e)] -> id: F_PH_MiddleInitial_0]<br>
Jordan : value passed to element : [[EdgeDriver: msedge on WINDOWS (596d4fad686f76750f07d4b8010a7c8e)] -> id: F_PH_LastName_0]<br>
01231982 : value passed to element : [[EdgeDriver: msedge on WINDOWS (596d4fad686f76750f07d4b8010a7c8e)] -> id: F_PH_DOB_0]<br>
youcanemail@gmail.com : value passed to element : [[EdgeDriver: msedge on WINDOWS (596d4fad686f76750f07d4b8010a7c8e)] -> id: F_PH_email_0]<br>
Riverdale : value passed to element : [[EdgeDriver: msedge on WINDOWS (596d4fad686f76750f07d4b8010a7c8e)] -> id: F_city_0]<br>
1 S Corporate Dr : value passed to element : [[EdgeDriver: msedge on WINDOWS (596d4fad686f76750f07d4b8010a7c8e)] -> id: F_street_0]<br>
NJ : value has been selected from the element : [[EdgeDriver: msedge on WINDOWS (596d4fad686f76750f07d4b8010a7c8e)] -> id: F_state_0]<br>
07457 : value passed to element : [[EdgeDriver: msedge on WINDOWS (596d4fad686f76750f07d4b8010a7c8e)] -> id: F_zipCode_0]<br>
2003 : value passed to element : [[EdgeDriver: msedge on WINDOWS (596d4fad686f76750f07d4b8010a7c8e)] -> id: F_livingYear_0]<br>
Element is clicking : [[EdgeDriver: msedge on WINDOWS (596d4fad686f76750f07d4b8010a7c8e)] -> xpath: //span[text()='Continue ']]<br>
2021 : value passed to element : [[EdgeDriver: msedge on WINDOWS (596d4fad686f76750f07d4b8010a7c8e)] -> id: F_year_0]<br>
HOND : value has been selected from the element : [[EdgeDriver: msedge on WINDOWS (596d4fad686f76750f07d4b8010a7c8e)] -> id: F_make_0]<br>
CIVIC SPORT : value has been selected from the element : [[EdgeDriver: msedge on WINDOWS (596d4fad686f76750f07d4b8010a7c8e)] -> id: F_model_0]<br>
HCHBK 4D, V4, 1.5L, 2WD : value has been selected from the element : [[EdgeDriver: msedge on WINDOWS (596d4fad686f76750f07d4b8010a7c8e)] -> id: F_subModel_0]<br>
002 : value has been selected from the element : [[EdgeDriver: msedge on WINDOWS (596d4fad686f76750f07d4b8010a7c8e)] -> id: F_coverage_0]<br>
2 : value has been selected from the element : [[EdgeDriver: msedge on WINDOWS (596d4fad686f76750f07d4b8010a7c8e)] -> id: F_ownerTitle_0]<br>
3 : value has been selected from the element : [[EdgeDriver: msedge on WINDOWS (596d4fad686f76750f07d4b8010a7c8e)] -> id: F_airbags_0]<br>
2 : value has been selected from the element : [[EdgeDriver: msedge on WINDOWS (596d4fad686f76750f07d4b8010a7c8e)] -> id: F_alarm_0]<br>
3 : value has been selected from the element : [[EdgeDriver: msedge on WINDOWS (596d4fad686f76750f07d4b8010a7c8e)] -> id: F_residentialParking_0]<br>
2 : value has been selected from the element : [[EdgeDriver: msedge on WINDOWS (596d4fad686f76750f07d4b8010a7c8e)] -> xpath: //select[@id='F_usage_0']]<br>
Element is clicking : [[EdgeDriver: msedge on WINDOWS (596d4fad686f76750f07d4b8010a7c8e)] -> xpath: //input[@id='F_anotherVehicle_id_0_1']]<br>
Element is clicking : [[EdgeDriver: msedge on WINDOWS (596d4fad686f76750f07d4b8010a7c8e)] -> id: F_continue_0]<br>]]>
  </system-out>
  <testcase classname="com.amfam.test.auto.AutoTestRobust" name="toyotaTest">
    <skipped/>
  </testcase> <!-- toyotaTest -->
  <system-out/>
  <testcase classname="com.amfam.test.auto.AutoTestRobust" name="toyotaTest">
    <skipped/>
  </testcase> <!-- toyotaTest -->
  <system-out/>
  <testcase classname="com.amfam.test.auto.AutoTestRobust" name="dependsOnMethod">
    <skipped/>
  </testcase> <!-- dependsOnMethod -->
  <system-out/>
  <testcase classname="com.amfam.test.auto.AutoTestRobust" name="dependsOnMethod">
    <skipped/>
  </testcase> <!-- dependsOnMethod -->
  <system-out/>
  <testcase classname="com.amfam.test.auto.AutoTestRobust" name="dependsOnGroups">
    <skipped/>
  </testcase> <!-- dependsOnGroups -->
  <system-out/>
  <testcase classname="com.amfam.test.auto.AutoTestRobust" name="dependsOnGroups">
    <skipped/>
  </testcase> <!-- dependsOnGroups -->
  <system-out/>
</testsuite> <!-- com.amfam.test.auto.AutoTestRobust -->
