<?xml version="1.0" encoding="UTF-8"?>
<!-- Generated by org.testng.reporters.JUnitReportReporter -->
<testsuite hostname="CodeOne" failures="1" tests="5" name="com.amfam.test.auto.NeedToFailTestRobustPractice" time="118.026" errors="1" timestamp="2022-05-27T21:18:06 EDT" skipped="2">
  <testcase classname="com.amfam.test.auto.NeedToFailTestRobustPractice" name="toyotaTestWithoutParam" time="65.282">
    <failure message="null" type="java.lang.AssertionError">
      <![CDATA[java.lang.AssertionError: null
at org.testng.Assert.fail(Assert.java:99)
at org.testng.Assert.fail(Assert.java:106)
at common.CommonActions.selectByValue(CommonActions.java:92)
at pages.VehicleDetailsPages.vehicleModel(VehicleDetailsPages.java:38)
at pages.VehicleDetailsPages.vehicleDetailsPagesSteps(VehicleDetailsPages.java:80)
at com.amfam.test.auto.NeedToFailTestRobustPractice.toyotaTestWithoutParam(NeedToFailTestRobustPractice.java:29)
at java.base/jdk.internal.reflect.NativeMethodAccessorImpl.invoke0(Native Method)
at java.base/jdk.internal.reflect.NativeMethodAccessorImpl.invoke(NativeMethodAccessorImpl.java:77)
at java.base/jdk.internal.reflect.DelegatingMethodAccessorImpl.invoke(DelegatingMethodAccessorImpl.java:43)
at java.base/java.lang.reflect.Method.invoke(Method.java:568)
at org.testng.internal.MethodInvocationHelper.invokeMethod(MethodInvocationHelper.java:133)
at org.testng.internal.TestInvoker.invokeMethod(TestInvoker.java:598)
at org.testng.internal.TestInvoker.invokeTestMethod(TestInvoker.java:173)
at org.testng.internal.MethodRunner.runInSequence(MethodRunner.java:46)
at org.testng.internal.TestInvoker$MethodInvocationAgent.invoke(TestInvoker.java:824)
at org.testng.internal.TestInvoker.invokeTestMethods(TestInvoker.java:146)
at org.testng.internal.TestMethodWorker.invokeTestMethods(TestMethodWorker.java:146)
at org.testng.internal.TestMethodWorker.run(TestMethodWorker.java:128)
at java.base/java.util.ArrayList.forEach(ArrayList.java:1511)
at org.testng.TestRunner.privateRun(TestRunner.java:794)
at org.testng.TestRunner.run(TestRunner.java:596)
at org.testng.SuiteRunner.runTest(SuiteRunner.java:377)
at org.testng.SuiteRunner.runSequentially(SuiteRunner.java:371)
at org.testng.SuiteRunner.privateRun(SuiteRunner.java:332)
at org.testng.SuiteRunner.run(SuiteRunner.java:276)
at org.testng.SuiteRunnerWorker.runSuite(SuiteRunnerWorker.java:53)
at org.testng.SuiteRunnerWorker.run(SuiteRunnerWorker.java:96)
at org.testng.TestNG.runSuitesSequentially(TestNG.java:1212)
at org.testng.TestNG.runSuitesLocally(TestNG.java:1134)
at org.testng.TestNG.runSuites(TestNG.java:1063)
at org.testng.TestNG.run(TestNG.java:1031)
at org.testng.remote.AbstractRemoteTestNG.run(AbstractRemoteTestNG.java:115)
at org.testng.remote.RemoteTestNG.initAndRun(RemoteTestNG.java:251)
at org.testng.remote.RemoteTestNG.main(RemoteTestNG.java:77)
]]>
    </failure>
  </testcase> <!-- toyotaTestWithoutParam -->
  <system-out>
    <![CDATA[[[ChromeDriver: chrome on WINDOWS (4df1f57a99e4cc2aec648b53744f43e3)] -> xpath: //h1[text()='Get a Customized Insurance Quote']] has text : GET A CUSTOMIZED INSURANCE QUOTE<br>
Actual : GET A CUSTOMIZED INSURANCE QUOTE<<<>>>Expeted : GET A CUSTOMIZED INSURANCE QUOTE<br>
Element is clicking : [[ChromeDriver: chrome on WINDOWS (4df1f57a99e4cc2aec648b53744f43e3)] -> xpath: //button[@class='LeadRouting__select a'][1]]<br><br>
07457 : value passed to element : [[ChromeDriver: chrome on WINDOWS (4df1f57a99e4cc2aec648b53744f43e3)] -> id: uid_54]<br><br>
Element is clicking : Proxy element for: DefaultElementLocator 'By.xpath: (//span[@class='LoadingButton__content'])[1]'<br><br>
Element is clicking : Proxy element for: DefaultElementLocator 'By.xpath: //span[text()='Get a Quote']'<br><br>
07457 : value passed to element : [[ChromeDriver: chrome on WINDOWS (4df1f57a99e4cc2aec648b53744f43e3)] -> id: uid_34]<br><br>
A : value has been selected from the element : [[ChromeDriver: chrome on WINDOWS (4df1f57a99e4cc2aec648b53744f43e3)] -> id: uid_37]<br><br>
Element is clicking : [[ChromeDriver: chrome on WINDOWS (4df1f57a99e4cc2aec648b53744f43e3)] -> xpath: (//button[@type='submit'])[1]]<br><br>
Pippen : value passed to element : [[ChromeDriver: chrome on WINDOWS (4df1f57a99e4cc2aec648b53744f43e3)] -> id: F_PH_FirstName_0]<br><br>
Z : value passed to element : [[ChromeDriver: chrome on WINDOWS (4df1f57a99e4cc2aec648b53744f43e3)] -> id: F_PH_MiddleInitial_0]<br><br>
Jordan : value passed to element : [[ChromeDriver: chrome on WINDOWS (4df1f57a99e4cc2aec648b53744f43e3)] -> id: F_PH_LastName_0]<br><br>
01231982 : value passed to element : [[ChromeDriver: chrome on WINDOWS (4df1f57a99e4cc2aec648b53744f43e3)] -> id: F_PH_DOB_0]<br><br>
youcanemail@gmail.com : value passed to element : [[ChromeDriver: chrome on WINDOWS (4df1f57a99e4cc2aec648b53744f43e3)] -> id: F_PH_email_0]<br><br>
Riverdale : value passed to element : [[ChromeDriver: chrome on WINDOWS (4df1f57a99e4cc2aec648b53744f43e3)] -> id: F_city_0]<br><br>
1 S Corporate Dr : value passed to element : [[ChromeDriver: chrome on WINDOWS (4df1f57a99e4cc2aec648b53744f43e3)] -> id: F_street_0]<br><br>
NJ : value has been selected from the element : [[ChromeDriver: chrome on WINDOWS (4df1f57a99e4cc2aec648b53744f43e3)] -> id: F_state_0]<br><br>
07457 : value passed to element : [[ChromeDriver: chrome on WINDOWS (4df1f57a99e4cc2aec648b53744f43e3)] -> id: F_zipCode_0]<br><br>
2003 : value passed to element : [[ChromeDriver: chrome on WINDOWS (4df1f57a99e4cc2aec648b53744f43e3)] -> id: F_livingYear_0]<br><br>
Element is clicking : [[ChromeDriver: chrome on WINDOWS (4df1f57a99e4cc2aec648b53744f43e3)] -> xpath: //span[text()='Continue ']]<br><br>
2021 : value passed to element : [[ChromeDriver: chrome on WINDOWS (4df1f57a99e4cc2aec648b53744f43e3)] -> id: F_year_0]<br><br>
BMW : value has been selected from the element : [[ChromeDriver: chrome on WINDOWS (4df1f57a99e4cc2aec648b53744f43e3)] -> id: F_make_0]<br><br>
Locator doesn't match for : [[ChromeDriver: chrome on WINDOWS (4df1f57a99e4cc2aec648b53744f43e3)] -> id: F_model_0]
Cannot locate option with value: M3
For documentation on this error, please visit: https://selenium.dev/exceptions/#no_such_element
Build info: version: '4.1.1', revision: 'e8fcc2cecf'
System info: host: 'CODEONE', ip: '192.168.1.174', os.name: 'Windows 10', os.arch: 'amd64', os.version: '10.0', java.version: '17.0.1'
Driver info: driver.version: unknown<br><br>]]>
  </system-out>
  <testcase classname="com.amfam.test.auto.NeedToFailTestRobustPractice" name="toyotaTest" time="9.195">
    <error message="
Parameter &#039;zipvalue&#039; is required by @Test on method toyotaTest but has not been marked @Optional or defined
in C:\Users\rubal\eclipse-workspace\com.amfam.com\PracticeRunner.xml" type="org.testng.TestNGException">
      <![CDATA[org.testng.TestNGException: 
Parameter 'zipvalue' is required by @Test on method toyotaTest but has not been marked @Optional or defined
in C:\Users\rubal\eclipse-workspace\com.amfam.com\PracticeRunner.xml
at org.testng.internal.Parameters.createParams(Parameters.java:270)
at org.testng.internal.Parameters.createParametersForMethod(Parameters.java:358)
at org.testng.internal.Parameters.createParameters(Parameters.java:700)
at org.testng.internal.Parameters.handleParameters(Parameters.java:884)
at org.testng.internal.Parameters.handleParameters(Parameters.java:740)
at org.testng.internal.ParameterHandler.handleParameters(ParameterHandler.java:59)
at org.testng.internal.ParameterHandler.createParameters(ParameterHandler.java:38)
at org.testng.internal.TestInvoker$MethodInvocationAgent.invoke(TestInvoker.java:791)
at org.testng.internal.TestInvoker.invokeTestMethods(TestInvoker.java:146)
at org.testng.internal.TestMethodWorker.invokeTestMethods(TestMethodWorker.java:146)
at org.testng.internal.TestMethodWorker.run(TestMethodWorker.java:128)
at java.base/java.util.ArrayList.forEach(ArrayList.java:1511)
at org.testng.TestRunner.privateRun(TestRunner.java:794)
at org.testng.TestRunner.run(TestRunner.java:596)
at org.testng.SuiteRunner.runTest(SuiteRunner.java:377)
at org.testng.SuiteRunner.runSequentially(SuiteRunner.java:371)
at org.testng.SuiteRunner.privateRun(SuiteRunner.java:332)
at org.testng.SuiteRunner.run(SuiteRunner.java:276)
at org.testng.SuiteRunnerWorker.runSuite(SuiteRunnerWorker.java:53)
at org.testng.SuiteRunnerWorker.run(SuiteRunnerWorker.java:96)
at org.testng.TestNG.runSuitesSequentially(TestNG.java:1212)
at org.testng.TestNG.runSuitesLocally(TestNG.java:1134)
at org.testng.TestNG.runSuites(TestNG.java:1063)
at org.testng.TestNG.run(TestNG.java:1031)
at org.testng.remote.AbstractRemoteTestNG.run(AbstractRemoteTestNG.java:115)
at org.testng.remote.RemoteTestNG.initAndRun(RemoteTestNG.java:251)
at org.testng.remote.RemoteTestNG.main(RemoteTestNG.java:77)
]]>
    </error>
  </testcase> <!-- toyotaTest -->
  <system-out/>
  <testcase classname="com.amfam.test.auto.NeedToFailTestRobustPractice" name="hondaTest" time="43.549"/>
  <system-out>
    <![CDATA[[[ChromeDriver: chrome on WINDOWS (c4acc871b157ecf659aefbad36bdec84)] -> xpath: //h1[text()='Get a Customized Insurance Quote']] has text : GET A CUSTOMIZED INSURANCE QUOTE<br>
Actual : GET A CUSTOMIZED INSURANCE QUOTE<<<>>>Expeted : GET A CUSTOMIZED INSURANCE QUOTE<br>
Element is clicking : [[ChromeDriver: chrome on WINDOWS (c4acc871b157ecf659aefbad36bdec84)] -> xpath: //button[@class='LeadRouting__select a'][1]]<br><br>
07457 : value passed to element : [[ChromeDriver: chrome on WINDOWS (c4acc871b157ecf659aefbad36bdec84)] -> id: uid_54]<br><br>
Element is clicking : Proxy element for: DefaultElementLocator 'By.xpath: (//span[@class='LoadingButton__content'])[1]'<br><br>
Element is clicking : Proxy element for: DefaultElementLocator 'By.xpath: //span[text()='Get a Quote']'<br><br>
07457 : value passed to element : [[ChromeDriver: chrome on WINDOWS (c4acc871b157ecf659aefbad36bdec84)] -> id: uid_34]<br><br>
A : value has been selected from the element : [[ChromeDriver: chrome on WINDOWS (c4acc871b157ecf659aefbad36bdec84)] -> id: uid_37]<br><br>
Element is clicking : [[ChromeDriver: chrome on WINDOWS (c4acc871b157ecf659aefbad36bdec84)] -> xpath: (//button[@type='submit'])[1]]<br><br>
Pippen : value passed to element : [[ChromeDriver: chrome on WINDOWS (c4acc871b157ecf659aefbad36bdec84)] -> id: F_PH_FirstName_0]<br><br>
Z : value passed to element : [[ChromeDriver: chrome on WINDOWS (c4acc871b157ecf659aefbad36bdec84)] -> id: F_PH_MiddleInitial_0]<br><br>
Jordan : value passed to element : [[ChromeDriver: chrome on WINDOWS (c4acc871b157ecf659aefbad36bdec84)] -> id: F_PH_LastName_0]<br><br>
01231982 : value passed to element : [[ChromeDriver: chrome on WINDOWS (c4acc871b157ecf659aefbad36bdec84)] -> id: F_PH_DOB_0]<br><br>
youcanemail@gmail.com : value passed to element : [[ChromeDriver: chrome on WINDOWS (c4acc871b157ecf659aefbad36bdec84)] -> id: F_PH_email_0]<br><br>
Riverdale : value passed to element : [[ChromeDriver: chrome on WINDOWS (c4acc871b157ecf659aefbad36bdec84)] -> id: F_city_0]<br><br>
1 S Corporate Dr : value passed to element : [[ChromeDriver: chrome on WINDOWS (c4acc871b157ecf659aefbad36bdec84)] -> id: F_street_0]<br><br>
NJ : value has been selected from the element : [[ChromeDriver: chrome on WINDOWS (c4acc871b157ecf659aefbad36bdec84)] -> id: F_state_0]<br><br>
07457 : value passed to element : [[ChromeDriver: chrome on WINDOWS (c4acc871b157ecf659aefbad36bdec84)] -> id: F_zipCode_0]<br><br>
2003 : value passed to element : [[ChromeDriver: chrome on WINDOWS (c4acc871b157ecf659aefbad36bdec84)] -> id: F_livingYear_0]<br><br>
Element is clicking : [[ChromeDriver: chrome on WINDOWS (c4acc871b157ecf659aefbad36bdec84)] -> xpath: //span[text()='Continue ']]<br><br>
2021 : value passed to element : [[ChromeDriver: chrome on WINDOWS (c4acc871b157ecf659aefbad36bdec84)] -> id: F_year_0]<br><br>
HOND : value has been selected from the element : [[ChromeDriver: chrome on WINDOWS (c4acc871b157ecf659aefbad36bdec84)] -> id: F_make_0]<br><br>
CIVIC SPORT : value has been selected from the element : [[ChromeDriver: chrome on WINDOWS (c4acc871b157ecf659aefbad36bdec84)] -> id: F_model_0]<br><br>
HCHBK 4D, V4, 1.5L, 2WD : value has been selected from the element : [[ChromeDriver: chrome on WINDOWS (c4acc871b157ecf659aefbad36bdec84)] -> id: F_subModel_0]<br><br>
002 : value has been selected from the element : [[ChromeDriver: chrome on WINDOWS (c4acc871b157ecf659aefbad36bdec84)] -> id: F_coverage_0]<br><br>
2 : value has been selected from the element : [[ChromeDriver: chrome on WINDOWS (c4acc871b157ecf659aefbad36bdec84)] -> id: F_ownerTitle_0]<br><br>
3 : value has been selected from the element : [[ChromeDriver: chrome on WINDOWS (c4acc871b157ecf659aefbad36bdec84)] -> id: F_airbags_0]<br><br>
2 : value has been selected from the element : [[ChromeDriver: chrome on WINDOWS (c4acc871b157ecf659aefbad36bdec84)] -> id: F_alarm_0]<br><br>
3 : value has been selected from the element : [[ChromeDriver: chrome on WINDOWS (c4acc871b157ecf659aefbad36bdec84)] -> id: F_residentialParking_0]<br><br>
2 : value has been selected from the element : [[ChromeDriver: chrome on WINDOWS (c4acc871b157ecf659aefbad36bdec84)] -> xpath: //select[@id='F_usage_0']]<br><br>
Element is clicking : [[ChromeDriver: chrome on WINDOWS (c4acc871b157ecf659aefbad36bdec84)] -> xpath: //input[@id='F_anotherVehicle_id_0_1']]<br><br>
Element is clicking : [[ChromeDriver: chrome on WINDOWS (c4acc871b157ecf659aefbad36bdec84)] -> id: F_continue_0]<br><br>]]>
  </system-out>
  <testcase classname="com.amfam.test.auto.NeedToFailTestRobustPractice" name="dependsOnGroups">
    <skipped/>
  </testcase> <!-- dependsOnGroups -->
  <system-out/>
  <testcase classname="com.amfam.test.auto.NeedToFailTestRobustPractice" name="dependsOnMethod">
    <skipped/>
  </testcase> <!-- dependsOnMethod -->
  <system-out/>
</testsuite> <!-- com.amfam.test.auto.NeedToFailTestRobustPractice -->
